01-05-2023 00:12:55
Searched Product With Title StartWith **
01-05-2023 00:14:42
Get  The Product By Id 11
01-05-2023 00:14:48
Searched Product With Title StartWith **
01-05-2023 00:15:02
Searched Product With Title StartWith **
01-05-2023 00:15:03
Get  The Product By Id 11
01-05-2023 00:15:09
Searched Product With Title StartWith **
01-05-2023 00:15:11
Get  The Product By Id 2006
01-05-2023 00:15:32
Searched Product With Title StartWith **
01-05-2023 00:15:33
Searched Product With Title StartWith **
01-05-2023 00:15:34
Searched Product With Title StartWith **
01-05-2023 00:15:36
Searched Product With Title StartWith **
01-05-2023 00:15:37
Searched Product With Title StartWith **
01-05-2023 00:15:40
Searched Product With Title StartWith s
01-05-2023 00:15:42
Get  The Product By Id 11
01-05-2023 00:16:20
Get  The Product By Id 11
01-05-2023 00:16:21
Searched Product With Title StartWith **
01-05-2023 00:16:22
Get  The Product By Id 11
01-05-2023 00:16:26
Searched Product With Title StartWith **
01-05-2023 00:16:28
Get  The Product By Id 9016
01-05-2023 00:16:30
Searched Product With Title StartWith **
01-05-2023 00:16:31
Get  The Product By Id 12
01-05-2023 00:16:32
Searched Product With Title StartWith **
01-05-2023 00:16:33
Get  The Product By Id 10
01-05-2023 00:16:35
Searched Product With Title StartWith **
01-05-2023 00:16:36
Get  The Product By Id 9016
01-05-2023 00:17:03
Searched Product With Title StartWith **
01-05-2023 00:17:07
Get  The Product By Id 9016
01-05-2023 00:17:11
Updated the Product with Id 9016
01-05-2023 00:17:11
Searched Product With Title StartWith **
01-05-2023 00:17:15
Get  The Product By Id 9016
01-05-2023 00:17:21
Get  The Product By Id 9016
01-05-2023 00:17:23
Searched Product With Title StartWith **
01-05-2023 00:17:39
Get  The Product By Id 9015
01-05-2023 00:17:42
Searched Product With Title StartWith **
01-05-2023 00:17:43
Get  The Product By Id 9016
01-05-2023 00:17:44
Searched Product With Title StartWith **
01-05-2023 00:17:47
Get  The Product By Id 9016
01-05-2023 00:17:50
Searched Product With Title StartWith **
01-05-2023 00:17:51
Get  The Product By Id 11
01-05-2023 00:17:54
Searched Product With Title StartWith **
01-05-2023 00:17:55
Get  The Product By Id 9016
01-05-2023 00:17:56
Searched Product With Title StartWith **
01-05-2023 00:18:00
Get  The Product By Id 9016
01-05-2023 00:18:10
Updated the Product with Id 9016
01-05-2023 00:18:10
Searched Product With Title StartWith **
01-05-2023 00:21:35
Searched Product With Title StartWith **
01-05-2023 00:22:50
Searched Product With Title StartWith **
01-05-2023 00:23:12
Searched Product With Title StartWith **
01-05-2023 00:23:12
Searched Product With Title StartWith **
01-05-2023 00:23:14
Searched Product With Title StartWith **
01-05-2023 00:23:14
Searched Product With Title StartWith **
01-05-2023 00:24:21
Searched Product With Title StartWith **
01-05-2023 00:24:26
Searched Product With Title StartWith sxss
01-05-2023 00:24:34
Searched Product With Title StartWith s
01-05-2023 00:28:30
Searched Product With Title StartWith **
01-05-2023 00:28:30
Searched Product With Title StartWith s
01-05-2023 00:28:39
Get  The Product By Id 9016
01-05-2023 00:28:40
Searched Product With Title StartWith **
01-05-2023 00:28:46
Get  The Product By Id 9014
01-05-2023 00:28:47
Searched Product With Title StartWith **
01-05-2023 00:29:05
Searched Product With Title StartWith s
01-05-2023 00:29:05
Searched Product With Title StartWith **
01-05-2023 00:29:08
Get  The Product By Id 2006
01-05-2023 00:29:10
Searched Product With Title StartWith **
01-05-2023 00:30:11
Searched Product With Title StartWith s
01-05-2023 00:30:11
Searched Product With Title StartWith **
01-05-2023 00:30:15
Searched Product With Title StartWith **
01-05-2023 00:30:15
Searched Product With Title StartWith **
01-05-2023 00:30:16
Searched Product With Title StartWith **
01-05-2023 00:30:17
Searched Product With Title StartWith **
01-05-2023 00:30:25
Searched Product With Title StartWith **
01-05-2023 00:30:28
Searched Product With Title StartWith **
01-05-2023 00:30:29
Searched Product With Title StartWith **
01-05-2023 00:30:29
Searched Product With Title StartWith **
01-05-2023 00:30:29
Searched Product With Title StartWith **
01-05-2023 00:30:30
Searched Product With Title StartWith **
01-05-2023 00:35:41
Searched Product With Title StartWith **
01-05-2023 00:35:43
Get  The Product By Id 9016
01-05-2023 00:35:44
Searched Product With Title StartWith **
01-05-2023 00:35:47
Get  The Product By Id 9021
01-05-2023 00:35:50
Updated the Product with Id 9021
01-05-2023 00:35:50
Searched Product With Title StartWith **
01-05-2023 00:35:52
Searched Product With Title StartWith **
01-05-2023 00:35:55
Get  The Product By Id 9021
01-05-2023 00:35:58
Updated the Product with Id 9021
01-05-2023 00:35:58
Searched Product With Title StartWith **
01-05-2023 00:36:17
Added New product
01-05-2023 00:36:17
Searched Product With Title StartWith **
01-05-2023 00:36:19
Searched Product With Title StartWith **
01-05-2023 00:36:19
Searched Product With Title StartWith **
01-05-2023 00:36:25
Deleted The Product With Id 15009
01-05-2023 00:36:26
Searched Product With Title StartWith **
01-05-2023 00:36:35
Searched Product With Title StartWith **
01-05-2023 00:36:36
Searched Product With Title StartWith **
01-05-2023 00:36:36
Searched Product With Title StartWith **
01-05-2023 00:36:38
Searched Product With Title StartWith s
01-05-2023 00:36:41
Searched Product With Title StartWith sfbfc
01-05-2023 00:37:13
Searched Product With Title StartWith **
01-05-2023 00:37:17
Searched Product With Title StartWith **
01-05-2023 00:37:17
Searched Product With Title StartWith **
01-05-2023 00:37:26
Searched Product With Title StartWith **
01-05-2023 00:37:37
Searched Product With Title StartWith **
01-05-2023 00:38:19
Searched Product With Title StartWith **
01-05-2023 00:38:28
Searched Product With Title StartWith **
01-05-2023 00:38:30
Searched Product With Title StartWith **
01-05-2023 00:40:16
Searched Product With Title StartWith **
01-05-2023 00:40:16
Searched Product With Title StartWith **
01-05-2023 00:40:23
Searched Product With Title StartWith **
01-05-2023 00:40:57
Searched Product With Title StartWith **
01-05-2023 00:41:22
Searched Product With Title StartWith **
01-05-2023 00:41:28
Searched Product With Title StartWith **
01-05-2023 00:41:31
Get  The Product By Id 12004
01-05-2023 00:41:35
Updated the Product with Id 12004
01-05-2023 00:41:35
Searched Product With Title StartWith **
01-05-2023 00:41:38
Searched Product With Title StartWith **
01-05-2023 00:42:07
Get  The Product By Id 14004
01-05-2023 00:42:09
Searched Product With Title StartWith **
01-05-2023 00:42:13
Searched Product With Title StartWith hbgvb
01-05-2023 00:43:21
Searched Product With Title StartWith hbgvb
01-05-2023 00:43:23
Searched Product With Title StartWith **
01-05-2023 00:43:29
Searched Product With Title StartWith dfsdf
01-05-2023 00:43:32
Searched Product With Title StartWith **
01-05-2023 00:43:34
Searched Product With Title StartWith **
01-05-2023 00:43:34
Searched Product With Title StartWith **
01-05-2023 00:43:38
Get  The Product By Id 15007
01-05-2023 00:43:41
Updated the Product with Id 15007
01-05-2023 00:43:41
Searched Product With Title StartWith **
01-05-2023 00:43:42
Searched Product With Title StartWith **
01-05-2023 00:43:42
Searched Product With Title StartWith **
01-05-2023 00:43:46
Get  The Product By Id 15007
01-05-2023 00:43:51
Updated the Product with Id 15007
01-05-2023 00:43:51
Searched Product With Title StartWith **
01-05-2023 00:43:52
Searched Product With Title StartWith **
01-05-2023 00:43:53
Searched Product With Title StartWith **
01-05-2023 00:44:06
Added New product
01-05-2023 00:44:07
Searched Product With Title StartWith **
01-05-2023 00:44:08
Searched Product With Title StartWith **
01-05-2023 00:44:08
Searched Product With Title StartWith **
01-05-2023 00:44:14
Get  The Product By Id 15010
01-05-2023 00:44:15
Searched Product With Title StartWith **
01-05-2023 00:44:18
Searched Product With Title StartWith **
01-05-2023 00:44:20
Get  The Product By Id 9021
01-05-2023 00:44:24
Searched Product With Title StartWith **
01-05-2023 00:44:25
Searched Product With Title StartWith **
01-05-2023 00:44:25
Searched Product With Title StartWith **
01-05-2023 00:44:30
Deleted The Product With Id 15010
01-05-2023 00:44:30
Searched Product With Title StartWith **
01-05-2023 00:44:50
Searched Product With Title StartWith **
01-05-2023 09:30:00
Searched Product With Title StartWith **
01-05-2023 09:30:22
Get  The Product By Id 9021
01-05-2023 09:30:34
Updated the Product with Id 9021
01-05-2023 09:30:35
Searched Product With Title StartWith **
01-05-2023 09:30:50
Added New product
01-05-2023 09:30:51
Searched Product With Title StartWith **
01-05-2023 09:30:55
Searched Product With Title StartWith new
01-05-2023 09:31:07
Deleted The Product With Id 16002
01-05-2023 09:31:08
Searched Product With Title StartWith new
01-05-2023 09:31:16
Searched Product With Title StartWith **
01-05-2023 09:31:19
Searched Product With Title StartWith **
01-05-2023 09:31:20
Searched Product With Title StartWith **
01-05-2023 09:31:24
Get  The Product By Id 15007
01-05-2023 09:31:27
Searched Product With Title StartWith **
01-05-2023 09:31:29
Searched Product With Title StartWith **
01-05-2023 09:31:29
Searched Product With Title StartWith **
01-05-2023 09:31:29
Searched Product With Title StartWith **
01-05-2023 09:31:32
Searched Product With Title StartWith **
01-05-2023 09:32:34
Searched Product With Title StartWith **
01-05-2023 09:34:17
Get  The Product By Id 10
01-05-2023 09:34:59
Get  The Product By Id 10
01-05-2023 09:35:02
Searched Product With Title StartWith **
01-05-2023 09:35:22
Get  The Product By Id 9020
01-05-2023 09:35:26
Searched Product With Title StartWith **
01-05-2023 09:35:31
Get  The Product By Id 9014
01-05-2023 09:35:33
Updated the Product with Id 9014
01-05-2023 09:35:33
Searched Product With Title StartWith **
01-05-2023 09:35:35
Searched Product With Title StartWith **
01-05-2023 09:35:35
Searched Product With Title StartWith **
01-05-2023 09:36:03
Searched Product With Title StartWith vdvf
01-05-2023 09:36:28
Searched Product With Title StartWith **
01-05-2023 09:36:32
Searched Product With Title StartWith **
01-05-2023 09:36:33
Searched Product With Title StartWith **
01-05-2023 09:36:50
Added New product
01-05-2023 09:36:50
Searched Product With Title StartWith **
01-05-2023 09:36:52
Searched Product With Title StartWith **
01-05-2023 09:36:52
Searched Product With Title StartWith **
01-05-2023 09:36:55
Deleted The Product With Id 16003
01-05-2023 09:36:55
Searched Product With Title StartWith **
01-05-2023 09:51:51
Get  The Product By Id 15006
01-05-2023 09:51:55
Get  The Product By Id 15006
01-05-2023 09:52:10
Added New product
01-05-2023 09:52:11
Searched Product With Title StartWith **
01-05-2023 09:52:13
Searched Product With Title StartWith **
01-05-2023 09:52:13
Searched Product With Title StartWith **
01-05-2023 09:52:15
Get  The Product By Id 17002
01-05-2023 09:52:17
Updated the Product with Id 17002
01-05-2023 09:52:17
Searched Product With Title StartWith **
01-05-2023 09:52:20
Searched Product With Title StartWith fv
01-05-2023 09:52:23
Deleted The Product With Id 17002
01-05-2023 09:52:23
Searched Product With Title StartWith fv
01-05-2023 09:55:38
Searched Product With Title StartWith **
01-05-2023 09:55:43
Searched Product With Title StartWith **
01-05-2023 09:55:43
Searched Product With Title StartWith **
01-05-2023 09:55:45
Searched Product With Title StartWith **
01-05-2023 09:55:47
Searched Product With Title StartWith **
01-05-2023 10:40:11
Searched Product With Title StartWith **
01-05-2023 10:42:20
Searched Product With Title StartWith **
01-05-2023 10:50:42
Searched Product With Title StartWith **
01-05-2023 10:50:49
Searched Product With Title StartWith **
01-05-2023 10:50:50
Searched Product With Title StartWith **
01-05-2023 10:50:52
Get  The Product By Id 15007
01-05-2023 10:50:53
Searched Product With Title StartWith **
01-05-2023 11:05:41
Searched Product With Title StartWith **
01-05-2023 12:34:09
Searched Product With Title StartWith **
01-05-2023 12:45:13
Get  The Product By Id 9015
01-05-2023 12:45:18
Searched Product With Title StartWith **
01-05-2023 12:47:33
Searched Product With Title StartWith vdxfv
01-05-2023 12:47:53
Searched Product With Title StartWith **
01-05-2023 13:01:47
Searched Product With Title StartWith **
01-05-2023 13:01:52
Searched Product With Title StartWith s
01-05-2023 13:02:02
Searched Product With Title StartWith **
01-05-2023 13:02:04
Get  The Product By Id 11
01-05-2023 13:02:07
Searched Product With Title StartWith **
01-05-2023 13:02:08
Get  The Product By Id 11
01-05-2023 13:02:12
Searched Product With Title StartWith **
01-05-2023 13:02:31
Added New product
01-05-2023 13:02:31
Searched Product With Title StartWith **
01-05-2023 13:02:57
Added New product
01-05-2023 13:02:57
Searched Product With Title StartWith **
01-05-2023 13:02:59
Searched Product With Title StartWith **
01-05-2023 13:03:00
Searched Product With Title StartWith **
01-05-2023 13:03:02
Get  The Product By Id 18002
01-05-2023 13:03:04
Searched Product With Title StartWith **
01-05-2023 13:03:07
Get  The Product By Id 9016
01-05-2023 13:03:08
Searched Product With Title StartWith **
01-05-2023 13:03:10
Get  The Product By Id 9016
01-05-2023 13:05:38
Added New product
01-05-2023 13:05:38
Searched Product With Title StartWith **
01-05-2023 13:05:40
Searched Product With Title StartWith s
01-05-2023 13:05:42
Searched Product With Title StartWith s
01-05-2023 13:05:44
Get  The Product By Id 18004
01-05-2023 13:06:09
Added New product
01-05-2023 13:06:09
Searched Product With Title StartWith **
01-05-2023 13:06:11
Get  The Product By Id 9014
01-05-2023 13:06:12
Searched Product With Title StartWith **
01-05-2023 13:06:14
Get  The Product By Id 9021
01-05-2023 13:06:18
Updated the Product with Id 9021
01-05-2023 13:06:18
Searched Product With Title StartWith **
01-05-2023 13:06:21
Searched Product With Title StartWith **
01-05-2023 13:06:22
Searched Product With Title StartWith **
01-05-2023 13:06:28
Searched Product With Title StartWith **
01-05-2023 13:06:29
Searched Product With Title StartWith **
01-05-2023 13:06:41
Added New product
01-05-2023 13:06:41
Searched Product With Title StartWith **
01-05-2023 13:06:42
Searched Product With Title StartWith **
01-05-2023 13:06:42
Searched Product With Title StartWith **
01-05-2023 13:06:46
Deleted The Product With Id 18006
01-05-2023 13:06:46
Searched Product With Title StartWith **
01-05-2023 13:06:49
Searched Product With Title StartWith **
01-05-2023 13:06:51
Searched Product With Title StartWith **
01-05-2023 13:06:52
Searched Product With Title StartWith **
01-05-2023 13:07:07
Searched Product With Title StartWith **
01-05-2023 13:07:10
Searched Product With Title StartWith **
01-05-2023 13:16:40
Get  The Product By Id 9019
01-05-2023 13:16:44
Updated the Product with Id 9019
01-05-2023 13:16:44
Searched Product With Title StartWith **
01-05-2023 13:16:47
Get  The Product By Id 9020
01-05-2023 13:16:52
Updated the Product with Id 9020
01-05-2023 13:16:53
Searched Product With Title StartWith **
01-05-2023 13:16:55
Get  The Product By Id 9021
01-05-2023 13:17:16
Updated the Product with Id 9021
01-05-2023 13:17:16
Searched Product With Title StartWith **
01-05-2023 13:36:17
Get  The Product By Id 2006
01-05-2023 13:36:21
Searched Product With Title StartWith **
01-05-2023 14:16:19
Searched Product With Title StartWith **
01-05-2023 14:16:27
Get  The Product By Id 9020
01-05-2023 14:16:30
Searched Product With Title StartWith **
01-05-2023 14:16:32
Searched Product With Title StartWith **
01-05-2023 15:16:45
Searched Product With Title StartWith **
01-05-2023 15:16:48
Searched Product With Title StartWith **
01-05-2023 15:16:49
Searched Product With Title StartWith **
01-05-2023 15:16:55
Get  The Product By Id 18002
01-05-2023 15:16:56
Searched Product With Title StartWith **
01-05-2023 15:39:49
Get  The Product By Id 10
01-05-2023 15:39:50
Searched Product With Title StartWith **
01-05-2023 15:39:50
Get  The Product By Id 12
01-05-2023 15:39:52
Searched Product With Title StartWith **
01-05-2023 15:39:52
Get  The Product By Id 2006
01-05-2023 15:39:58
Searched Product With Title StartWith **
01-05-2023 15:41:09
Searched Product With Title StartWith **
01-05-2023 15:41:10
Searched Product With Title StartWith **
01-05-2023 15:41:17
Searched Product With Title StartWith **
01-05-2023 15:41:17
Searched Product With Title StartWith **
01-05-2023 15:41:18
Searched Product With Title StartWith **
01-05-2023 15:41:19
Searched Product With Title StartWith **
01-05-2023 15:41:20
Searched Product With Title StartWith **
01-05-2023 15:41:44
Searched Product With Title StartWith **
01-05-2023 15:41:46
Get  The Product By Id 18002
01-05-2023 15:41:47
Searched Product With Title StartWith **
01-05-2023 15:41:49
Searched Product With Title StartWith **
01-05-2023 17:08:52
Get  The Product By Id 10
01-05-2023 17:08:56
Updated the Product with Id 10
01-05-2023 17:08:56
Searched Product With Title StartWith **
01-05-2023 17:09:05
Get  The Product By Id 10
01-05-2023 17:09:09
Updated the Product with Id 10
01-05-2023 17:09:09
Searched Product With Title StartWith **
01-05-2023 17:43:31
Get  The Product By Id 9014
01-05-2023 17:43:47
Searched Product With Title StartWith **
01-05-2023 17:46:06
Get  The Product By Id 9015
01-05-2023 17:46:13
Searched Product With Title StartWith **
01-05-2023 17:49:34
Get  The Product By Id 9016
01-05-2023 17:49:43
Searched Product With Title StartWith **
01-05-2023 17:49:45
Get  The Product By Id 9020
01-05-2023 17:49:48
Searched Product With Title StartWith **
01-05-2023 17:54:57
Searched Product With Title StartWith **
01-05-2023 17:55:29
Searched Product With Title StartWith **
01-05-2023 17:56:03
Searched Product With Title StartWith **
01-05-2023 17:56:04
Searched Product With Title StartWith **
01-05-2023 17:58:06
Get  The Product By Id 10
01-05-2023 17:58:19
Searched Product With Title StartWith **
01-05-2023 18:02:39
Searched Product With Title StartWith **
01-05-2023 18:02:41
Searched Product With Title StartWith s
01-05-2023 18:16:09
Searched Product With Title StartWith **
01-05-2023 18:19:06
Searched Product With Title StartWith **
01-05-2023 18:21:31
Searched Product With Title StartWith **
01-05-2023 18:21:45
Searched Product With Title StartWith **
01-05-2023 18:21:58
Get  The Product By Id 11
01-05-2023 18:23:33
Searched Product With Title StartWith **
01-05-2023 18:23:35
Get  The Product By Id 2006
01-05-2023 18:23:41
Searched Product With Title StartWith **
01-05-2023 18:47:33
Searched Product With Title StartWith **
01-05-2023 18:48:03
Searched Product With Title StartWith **
01-05-2023 21:12:27
Searched Product With Title StartWith **
01-05-2023 21:13:19
Searched Product With Title StartWith **
01-05-2023 21:13:25
Searched Product With Title StartWith **
01-05-2023 21:13:27
Searched Product With Title StartWith **
01-05-2023 21:13:36
Searched Product With Title StartWith **
01-05-2023 21:22:31
Searched Product With Title StartWith **
01-05-2023 21:28:35
Searched Product With Title StartWith **
01-05-2023 21:32:14
Searched Product With Title StartWith **
01-05-2023 21:32:19
Searched Product With Title StartWith **
01-05-2023 21:35:18
Searched Product With Title StartWith **
01-05-2023 21:35:38
Searched Product With Title StartWith **
01-05-2023 21:35:39
Searched Product With Title StartWith **
01-05-2023 21:35:39
Searched Product With Title StartWith **
01-05-2023 21:35:39
Searched Product With Title StartWith **
01-05-2023 21:35:40
Searched Product With Title StartWith **
01-05-2023 21:37:27
Searched Product With Title StartWith **
01-05-2023 21:47:24
Get All The Products
01-05-2023 21:56:05
Added New product
01-05-2023 21:56:06
Searched Product With Title StartWith **
01-05-2023 21:56:06
Get  The Product By Id 2006
01-05-2023 21:56:09
Searched Product With Title StartWith **
01-05-2023 21:56:10
Searched Product With Title StartWith **
01-05-2023 21:56:10
Searched Product With Title StartWith **
01-05-2023 21:56:22
Added New product
01-05-2023 21:56:22
Searched Product With Title StartWith **
01-05-2023 21:56:24
Searched Product With Title StartWith **
01-05-2023 21:56:24
Searched Product With Title StartWith **
01-05-2023 21:56:26
Get  The Product By Id 19003
01-05-2023 21:58:01
Added New product
01-05-2023 21:58:02
Searched Product With Title StartWith **
01-05-2023 21:58:03
Searched Product With Title StartWith **
01-05-2023 21:58:04
Searched Product With Title StartWith **
01-05-2023 21:58:06
Get  The Product By Id 19004
01-05-2023 21:59:47
Added New product
01-05-2023 21:59:47
Searched Product With Title StartWith **
01-05-2023 21:59:50
Searched Product With Title StartWith **
01-05-2023 21:59:51
Searched Product With Title StartWith **
01-05-2023 21:59:51
Searched Product With Title StartWith **
01-05-2023 21:59:53
Get  The Product By Id 19005
01-05-2023 22:02:00
Added New product
01-05-2023 22:02:00
Searched Product With Title StartWith **
01-05-2023 22:02:01
Searched Product With Title StartWith **
01-05-2023 22:02:02
Searched Product With Title StartWith **
01-05-2023 22:02:02
Searched Product With Title StartWith **
01-05-2023 22:02:03
Get  The Product By Id 19006
01-05-2023 22:02:04
Searched Product With Title StartWith **
01-05-2023 22:03:09
Added New product
01-05-2023 22:03:09
Searched Product With Title StartWith **
01-05-2023 22:03:11
Searched Product With Title StartWith **
01-05-2023 22:03:11
Searched Product With Title StartWith **
01-05-2023 22:03:11
Searched Product With Title StartWith **
01-05-2023 22:03:14
Get  The Product By Id 19007
01-05-2023 22:03:16
Updated the Product with Id 19007
01-05-2023 22:03:17
Searched Product With Title StartWith **
01-05-2023 22:03:18
Searched Product With Title StartWith **
01-05-2023 22:03:18
Searched Product With Title StartWith **
01-05-2023 22:03:19
Searched Product With Title StartWith **
01-05-2023 22:03:22
Deleted The Product With Id 19007
01-05-2023 22:03:22
Searched Product With Title StartWith **
01-05-2023 22:03:30
Searched Product With Title StartWith **
01-05-2023 22:03:32
Searched Product With Title StartWith **
01-05-2023 22:03:33
Searched Product With Title StartWith **
01-05-2023 22:03:33
Searched Product With Title StartWith **
01-05-2023 22:03:33
Searched Product With Title StartWith **
01-05-2023 22:03:38
Searched Product With Title StartWith **
01-05-2023 22:03:51
Added New product
01-05-2023 22:03:51
Searched Product With Title StartWith **
01-05-2023 22:04:01
Searched Product With Title StartWith **
01-05-2023 22:04:02
Searched Product With Title StartWith **
01-05-2023 22:04:02
Searched Product With Title StartWith **
01-05-2023 22:04:06
Deleted The Product With Id 19008
01-05-2023 22:04:06
Searched Product With Title StartWith **
01-05-2023 22:04:13
Searched Product With Title StartWith **
01-05-2023 22:04:15
Get  The Product By Id 11
01-05-2023 22:04:19
Searched Product With Title StartWith **
01-05-2023 22:19:45
Searched Product With Title StartWith **
01-05-2023 22:20:32
Searched Product With Title StartWith **
01-05-2023 22:20:33
Searched Product With Title StartWith **
01-05-2023 22:20:33
Searched Product With Title StartWith **
01-05-2023 22:20:52
Added New product
01-05-2023 22:20:52
Searched Product With Title StartWith **
01-05-2023 22:20:53
Searched Product With Title StartWith **
01-05-2023 22:20:54
Searched Product With Title StartWith **
01-05-2023 22:20:54
Searched Product With Title StartWith **
01-05-2023 22:20:55
Get  The Product By Id 20002
01-05-2023 22:22:26
Searched Product With Title StartWith **
01-05-2023 22:22:27
Searched Product With Title StartWith **
01-05-2023 22:22:30
Searched Product With Title StartWith **
01-05-2023 22:22:49
Added New product
01-05-2023 22:22:49
Searched Product With Title StartWith **
01-05-2023 22:22:51
Searched Product With Title StartWith **
01-05-2023 22:22:51
Searched Product With Title StartWith **
01-05-2023 22:22:51
Searched Product With Title StartWith **
01-05-2023 22:22:54
Deleted The Product With Id 20003
01-05-2023 22:22:54
Searched Product With Title StartWith **
01-05-2023 22:24:46
Searched Product With Title StartWith **
01-05-2023 22:25:05
Searched Product With Title StartWith **
01-05-2023 22:25:53
Searched Product With Title StartWith **
01-05-2023 22:25:53
Searched Product With Title StartWith **
01-05-2023 22:25:55
Get  The Product By Id 2006
01-05-2023 22:26:19
Get  The Product By Id 2006
01-05-2023 22:26:19
Get  The Product By Id 2006
01-05-2023 22:26:38
Get  The Product By Id 2006
01-05-2023 22:36:22
Searched Product With Title StartWith **
01-05-2023 22:36:43
Searched Product With Title StartWith **
01-05-2023 22:36:46
Searched Product With Title StartWith **
01-05-2023 22:38:10
Searched Product With Title StartWith **
01-05-2023 22:38:46
Searched Product With Title StartWith **
01-05-2023 22:38:46
Get  The Product By Id 2006
01-05-2023 22:38:46
Searched Product With Title StartWith **
01-05-2023 22:38:48
Searched Product With Title StartWith **
01-05-2023 22:39:48
Get  The Product By Id 2006
01-05-2023 22:39:48
Get  The Product By Id 2006
01-05-2023 22:39:55
Searched Product With Title StartWith **
01-05-2023 22:39:57
Searched Product With Title StartWith **
01-05-2023 22:39:57
Searched Product With Title StartWith **
01-05-2023 22:39:57
Searched Product With Title StartWith **
01-05-2023 22:39:59
Get  The Product By Id 20002
01-05-2023 22:40:38
Searched Product With Title StartWith **
01-05-2023 22:40:40
Get  The Product By Id 9014
01-05-2023 22:40:58
Get  The Product By Id 2006
01-05-2023 22:40:58
Get  The Product By Id 9014
01-05-2023 22:40:58
Get  The Product By Id 2006
01-05-2023 22:40:58
Get  The Product By Id 9014
01-05-2023 22:41:02
Get  The Product By Id 9014
01-05-2023 22:41:03
Get  The Product By Id 9014
01-05-2023 22:41:13
Get  The Product By Id 2006
01-05-2023 22:41:13
Get  The Product By Id 9014
01-05-2023 22:41:13
Get  The Product By Id 2006
01-05-2023 22:41:13
Get  The Product By Id 9014
01-05-2023 22:41:18
Get  The Product By Id 9014
01-05-2023 22:41:21
Get  The Product By Id 9014
01-05-2023 22:41:22
Get  The Product By Id 9014
01-05-2023 22:41:22
Get  The Product By Id 9014
01-05-2023 22:41:22
Get  The Product By Id 9014
01-05-2023 22:41:23
Get  The Product By Id 9014
01-05-2023 22:41:30
Get  The Product By Id 2006
01-05-2023 22:41:30
Get  The Product By Id 9014
01-05-2023 22:42:08
Get  The Product By Id 2006
01-05-2023 22:42:08
Get  The Product By Id 9014
01-05-2023 22:42:08
Get  The Product By Id 2006
01-05-2023 22:42:08
Get  The Product By Id 9014
01-05-2023 22:42:11
Get  The Product By Id 9014
01-05-2023 22:42:12
Get  The Product By Id 9014
01-05-2023 22:42:12
Get  The Product By Id 9014
01-05-2023 22:42:12
Get  The Product By Id 9014
01-05-2023 22:42:12
Get  The Product By Id 9014
01-05-2023 22:42:12
Get  The Product By Id 9014
01-05-2023 22:42:22
Get  The Product By Id 2006
01-05-2023 22:42:23
Get  The Product By Id 2006
01-05-2023 22:42:27
Get  The Product By Id 9014
01-05-2023 22:42:28
Get  The Product By Id 9014
01-05-2023 22:42:28
Get  The Product By Id 9014
01-05-2023 22:42:28
Get  The Product By Id 9014
01-05-2023 22:42:29
Get  The Product By Id 9014
01-05-2023 22:42:41
Get  The Product By Id 2006
01-05-2023 22:42:41
Get  The Product By Id 9014
01-05-2023 22:42:41
Get  The Product By Id 2006
01-05-2023 22:42:41
Get  The Product By Id 9014
01-05-2023 22:42:44
Get  The Product By Id 9014
01-05-2023 22:42:44
Get  The Product By Id 9014
01-05-2023 22:42:45
Get  The Product By Id 9014
01-05-2023 22:42:45
Get  The Product By Id 9014
01-05-2023 22:42:45
Get  The Product By Id 9014
01-05-2023 22:42:45
Get  The Product By Id 9014
01-05-2023 22:42:46
Get  The Product By Id 9014
01-05-2023 22:42:46
Get  The Product By Id 9014
01-05-2023 22:42:46
Get  The Product By Id 9014
01-05-2023 22:42:57
Get  The Product By Id 2006
01-05-2023 22:42:57
Get  The Product By Id 9014
01-05-2023 22:43:13
Get  The Product By Id 2006
01-05-2023 22:43:13
Get  The Product By Id 9014
01-05-2023 22:43:13
Get  The Product By Id 2006
01-05-2023 22:43:13
Get  The Product By Id 9014
01-05-2023 22:43:35
Get  The Product By Id 2006
01-05-2023 22:43:35
Get  The Product By Id 9014
01-05-2023 22:43:35
Get  The Product By Id 2006
01-05-2023 22:43:35
Get  The Product By Id 9014
01-05-2023 22:43:47
Get  The Product By Id 2006
01-05-2023 22:43:47
Get  The Product By Id 9014
01-05-2023 22:43:47
Get  The Product By Id 2006
01-05-2023 22:43:47
Get  The Product By Id 9014
01-05-2023 22:43:53
Searched Product With Title StartWith **
01-05-2023 22:43:58
Searched Product With Title StartWith **
01-05-2023 22:44:00
Get  The Product By Id 2006
01-05-2023 22:44:15
Get  The Product By Id 2006
01-05-2023 22:44:15
Get  The Product By Id 2006
01-05-2023 22:44:20
Get  The Product By Id 2006
01-05-2023 22:44:36
Get  The Product By Id 2006
01-05-2023 22:44:43
Searched Product With Title StartWith **
01-05-2023 22:44:57
Searched Product With Title StartWith **
01-05-2023 22:44:58
Searched Product With Title StartWith **
01-05-2023 22:45:00
Get  The Product By Id 11
01-05-2023 22:45:06
Searched Product With Title StartWith **
01-05-2023 22:45:07
Get  The Product By Id 9015
01-05-2023 22:45:30
Get  The Product By Id 2006
01-05-2023 22:45:30
Get  The Product By Id 9015
01-05-2023 22:45:33
Get  The Product By Id 9015
01-05-2023 22:45:39
Get  The Product By Id 2006
01-05-2023 22:46:00
Get  The Product By Id 2006
01-05-2023 22:46:00
Get  The Product By Id 2006
01-05-2023 22:46:10
Searched Product With Title StartWith **
01-05-2023 22:46:12
Get  The Product By Id 10
01-05-2023 22:46:24
Get  The Product By Id 2006
01-05-2023 22:46:25
Get  The Product By Id 10
01-05-2023 22:46:25
Get  The Product By Id 2006
01-05-2023 22:46:25
Get  The Product By Id 10
01-05-2023 22:46:28
Get  The Product By Id 10
01-05-2023 22:46:28
Get  The Product By Id 10
01-05-2023 22:46:28
Get  The Product By Id 10
01-05-2023 22:46:45
Searched Product With Title StartWith **
01-05-2023 22:46:47
Searched Product With Title StartWith **
01-05-2023 22:46:49
Get  The Product By Id 10
01-05-2023 22:46:56
Get  The Product By Id 2006
01-05-2023 22:46:57
Get  The Product By Id 10
01-05-2023 22:46:57
Get  The Product By Id 2006
01-05-2023 22:46:57
Get  The Product By Id 10
01-05-2023 22:46:59
Get  The Product By Id 10
01-05-2023 22:47:00
Get  The Product By Id 10
01-05-2023 22:47:07
Get  The Product By Id 2006
01-05-2023 22:47:11
Get  The Product By Id 10
01-05-2023 22:47:12
Get  The Product By Id 10
01-05-2023 22:47:12
Get  The Product By Id 10
01-05-2023 22:47:12
Get  The Product By Id 10
01-05-2023 22:47:13
Get  The Product By Id 10
01-05-2023 22:47:13
Get  The Product By Id 10
01-05-2023 22:47:16
Searched Product With Title StartWith **
01-05-2023 22:47:19
Searched Product With Title StartWith **
01-05-2023 22:47:20
Get  The Product By Id 11
01-05-2023 22:47:57
Get  The Product By Id 11
01-05-2023 22:47:59
Searched Product With Title StartWith **
01-05-2023 22:48:07
Searched Product With Title StartWith **
01-05-2023 22:48:08
Get  The Product By Id 12
01-05-2023 22:48:18
Searched Product With Title StartWith **
01-05-2023 22:48:23
Searched Product With Title StartWith **
01-05-2023 22:48:26
Get  The Product By Id 11
01-05-2023 22:48:28
Searched Product With Title StartWith **
01-05-2023 22:48:30
Get  The Product By Id 10
01-05-2023 22:49:20
Get  The Product By Id 2006
01-05-2023 22:49:20
Get  The Product By Id 10
01-05-2023 22:49:20
Get  The Product By Id 2006
01-05-2023 22:49:21
Get  The Product By Id 10
01-05-2023 22:49:33
Searched Product With Title StartWith **
01-05-2023 22:49:36
Get  The Product By Id 10
01-05-2023 22:50:27
Get  The Product By Id 2006
01-05-2023 22:50:27
Get  The Product By Id 10
01-05-2023 22:50:27
Get  The Product By Id 2006
01-05-2023 22:50:27
Get  The Product By Id 10
01-05-2023 22:50:33
Get  The Product By Id 10
01-05-2023 22:50:41
Updated the Product with Id 10
01-05-2023 22:50:41
Searched Product With Title StartWith **
01-05-2023 22:51:43
Get  The Product By Id 2006
01-05-2023 22:51:43
Searched Product With Title StartWith AddProductNEW
01-05-2023 22:51:43
Searched Product With Title StartWith **
01-05-2023 22:51:44
Searched Product With Title StartWith **
01-05-2023 22:55:46
Searched Product With Title StartWith **
01-05-2023 22:55:57
Searched Product With Title StartWith **
01-05-2023 22:55:59
Get  The Product By Id 10
01-05-2023 22:56:02
Searched Product With Title StartWith **
01-05-2023 22:56:03
Searched Product With Title StartWith **
01-05-2023 22:56:03
Searched Product With Title StartWith **
01-05-2023 22:56:28
Searched Product With Title StartWith **
01-05-2023 22:56:28
Searched Product With Title StartWith **
01-05-2023 22:56:37
Searched Product With Title StartWith **
01-05-2023 22:56:42
Searched Product With Title StartWith **
01-05-2023 22:56:44
Searched Product With Title StartWith **
01-05-2023 22:56:44
Searched Product With Title StartWith **
01-05-2023 22:56:44
Searched Product With Title StartWith **
01-05-2023 22:56:49
Get  The Product By Id 20002
01-05-2023 22:56:51
Searched Product With Title StartWith **
01-05-2023 22:56:52
Searched Product With Title StartWith **
01-05-2023 22:56:52
Searched Product With Title StartWith **
01-05-2023 22:56:53
Searched Product With Title StartWith **
01-05-2023 22:56:54
Get  The Product By Id 20002
01-05-2023 22:56:57
Updated the Product with Id 20002
01-05-2023 22:56:57
Searched Product With Title StartWith **
01-05-2023 22:56:58
Searched Product With Title StartWith **
01-05-2023 22:56:58
Searched Product With Title StartWith **
01-05-2023 22:56:58
Searched Product With Title StartWith **
01-05-2023 22:57:02
Deleted The Product With Id 20002
01-05-2023 22:57:02
Searched Product With Title StartWith **
01-05-2023 22:57:06
Searched Product With Title StartWith **
01-05-2023 22:57:14
Searched Product With Title StartWith **
01-05-2023 22:58:24
Get  The Product By Id 9015
01-05-2023 22:58:34
Searched Product With Title StartWith **
01-05-2023 22:58:59
Searched Product With Title StartWith **
01-05-2023 22:59:02
Searched Product With Title StartWith **
01-05-2023 22:59:06
Searched Product With Title StartWith **
01-05-2023 22:59:07
Searched Product With Title StartWith **
01-05-2023 22:59:12
Get  The Product By Id 19006
01-05-2023 22:59:18
Updated the Product with Id 19006
01-05-2023 22:59:18
Searched Product With Title StartWith **
01-05-2023 22:59:20
Searched Product With Title StartWith **
01-05-2023 22:59:21
Searched Product With Title StartWith **
01-05-2023 22:59:27
Searched Product With Title StartWith **
01-05-2023 22:59:28
Searched Product With Title StartWith **
01-05-2023 22:59:34
Get  The Product By Id 19005
01-05-2023 22:59:43
Updated the Product with Id 19005
01-05-2023 22:59:43
Searched Product With Title StartWith **
01-05-2023 22:59:45
Searched Product With Title StartWith **
01-05-2023 22:59:46
Searched Product With Title StartWith **
01-05-2023 22:59:52
Get  The Product By Id 19005
01-05-2023 22:59:56
Searched Product With Title StartWith **
01-05-2023 23:00:19
Searched Product With Title StartWith **
01-05-2023 23:00:19
Searched Product With Title StartWith **
01-05-2023 23:00:19
Searched Product With Title StartWith **
01-05-2023 23:00:23
Get  The Product By Id 19005
01-05-2023 23:00:33
Updated the Product with Id 19005
01-05-2023 23:00:33
Searched Product With Title StartWith **
01-05-2023 23:00:35
Searched Product With Title StartWith **
01-05-2023 23:00:35
Searched Product With Title StartWith **
01-05-2023 23:00:35
Searched Product With Title StartWith **
01-05-2023 23:00:37
Get  The Product By Id 19005
01-05-2023 23:00:41
Searched Product With Title StartWith **
01-05-2023 23:01:05
Added New product
01-05-2023 23:01:05
Searched Product With Title StartWith **
01-05-2023 23:01:06
Searched Product With Title StartWith **
01-05-2023 23:01:06
Searched Product With Title StartWith **
01-05-2023 23:01:07
Searched Product With Title StartWith **
01-05-2023 23:01:09
Deleted The Product With Id 21002
01-05-2023 23:01:09
Searched Product With Title StartWith **
01-05-2023 23:01:11
Searched Product With Title StartWith **
01-05-2023 23:02:40
Searched Product With Title StartWith **
01-05-2023 23:02:56
Searched Product With Title StartWith **
01-05-2023 23:02:58
Get  The Product By Id 9015
01-05-2023 23:02:59
Searched Product With Title StartWith **
01-05-2023 23:03:03
Get  The Product By Id 9014
01-05-2023 23:03:06
Searched Product With Title StartWith **
01-05-2023 23:03:12
Searched Product With Title StartWith **
01-05-2023 23:03:14
Get  The Product By Id 9015
01-05-2023 23:03:24
Searched Product With Title StartWith **
01-05-2023 23:03:28
Searched Product With Title StartWith **
01-05-2023 23:03:30
Searched Product With Title StartWith **
01-05-2023 23:03:32
Searched Product With Title StartWith **
01-05-2023 23:03:33
Get  The Product By Id 12
01-05-2023 23:03:40
Searched Product With Title StartWith **
01-05-2023 23:04:45
Searched Product With Title StartWith **
01-05-2023 23:04:46
Searched Product With Title StartWith **
01-05-2023 23:04:48
Searched Product With Title StartWith **
01-05-2023 23:04:57
Searched Product With Title StartWith **
01-05-2023 23:04:59
Searched Product With Title StartWith **
01-05-2023 23:05:00
Get  The Product By Id 12
01-05-2023 23:05:04
Searched Product With Title StartWith **
01-05-2023 23:05:15
Searched Product With Title StartWith **
01-05-2023 23:05:16
Get  The Product By Id 10
01-05-2023 23:05:29
Searched Product With Title StartWith **
01-05-2023 23:05:31
Searched Product With Title StartWith **
01-05-2023 23:05:31
Searched Product With Title StartWith **
01-05-2023 23:05:32
Searched Product With Title StartWith **
01-05-2023 23:07:14
Searched Product With Title StartWith **
01-05-2023 23:07:15
Searched Product With Title StartWith **
01-05-2023 23:07:58
Searched Product With Title StartWith **
01-05-2023 23:08:00
Searched Product With Title StartWith **
01-05-2023 23:08:03
Searched Product With Title StartWith ddfd
01-05-2023 23:08:08
Searched Product With Title StartWith s
01-05-2023 23:08:37
Searched Product With Title StartWith s
01-05-2023 23:08:40
Searched Product With Title StartWith ddff
01-05-2023 23:08:44
Searched Product With Title StartWith **
01-05-2023 23:09:37
Searched Product With Title StartWith **
01-05-2023 23:09:52
Searched Product With Title StartWith **
01-05-2023 23:10:47
Searched Product With Title StartWith **
01-05-2023 23:10:48
Searched Product With Title StartWith **
01-05-2023 23:11:00
Searched Product With Title StartWith **
01-05-2023 23:11:03
Searched Product With Title StartWith saddd
01-05-2023 23:12:21
Searched Product With Title StartWith **
01-05-2023 23:12:22
Searched Product With Title StartWith **
01-05-2023 23:12:25
Searched Product With Title StartWith s
01-05-2023 23:12:25
Searched Product With Title StartWith s
01-05-2023 23:12:25
Searched Product With Title StartWith s
01-05-2023 23:13:12
Searched Product With Title StartWith s
01-05-2023 23:13:13
Searched Product With Title StartWith **
01-05-2023 23:13:46
Searched Product With Title StartWith **
01-05-2023 23:13:47
Searched Product With Title StartWith **
01-05-2023 23:13:47
Searched Product With Title StartWith **
01-05-2023 23:13:48
Searched Product With Title StartWith **
01-05-2023 23:13:48
Searched Product With Title StartWith **
01-05-2023 23:13:48
Searched Product With Title StartWith **
01-05-2023 23:14:09
Searched Product With Title StartWith **
01-05-2023 23:14:50
Get  The Product By Id 11
01-05-2023 23:14:54
Searched Product With Title StartWith **
01-05-2023 23:14:55
Get  The Product By Id 10
01-05-2023 23:14:57
Searched Product With Title StartWith **
01-05-2023 23:14:59
Searched Product With Title StartWith **
01-05-2023 23:15:55
Get  The Product By Id 12
01-05-2023 23:15:57
Searched Product With Title StartWith **
01-05-2023 23:16:41
Searched Product With Title StartWith **
01-05-2023 23:16:42
Get  The Product By Id 2006
01-05-2023 23:16:44
Searched Product With Title StartWith **
01-05-2023 23:16:46
Searched Product With Title StartWith **
01-05-2023 23:17:33
Searched Product With Title StartWith **
01-05-2023 23:17:37
Searched Product With Title StartWith csddc
01-05-2023 23:17:38
Searched Product With Title StartWith csddc
01-05-2023 23:17:56
Searched Product With Title StartWith csddc
01-05-2023 23:33:24
Searched Product With Title StartWith csddc
01-05-2023 23:33:25
Searched Product With Title StartWith **
01-05-2023 23:35:05
Searched Product With Title StartWith **
01-05-2023 23:36:11
Searched Product With Title StartWith **
01-05-2023 23:39:01
Searched Product With Title StartWith **
01-05-2023 23:39:22
Searched Product With Title StartWith **
01-05-2023 23:39:24
Searched Product With Title StartWith **
01-05-2023 23:39:24
Searched Product With Title StartWith **
01-05-2023 23:39:24
Searched Product With Title StartWith **
01-05-2023 23:39:24
Searched Product With Title StartWith **
01-05-2023 23:39:26
Searched Product With Title StartWith cxc
01-05-2023 23:41:23
Searched Product With Title StartWith cxc
01-05-2023 23:41:38
Searched Product With Title StartWith cxc
01-05-2023 23:42:27
Searched Product With Title StartWith cxc
01-05-2023 23:42:51
Searched Product With Title StartWith cxc
01-05-2023 23:43:08
Searched Product With Title StartWith cxc
01-05-2023 23:44:23
Searched Product With Title StartWith cxc
01-05-2023 23:44:34
Searched Product With Title StartWith cxc
01-05-2023 23:45:13
Searched Product With Title StartWith **
01-05-2023 23:45:14
Searched Product With Title StartWith **
01-05-2023 23:45:21
Searched Product With Title StartWith vxfbcf
01-05-2023 23:45:54
Searched Product With Title StartWith **
01-05-2023 23:47:47
Searched Product With Title StartWith **
01-05-2023 23:48:44
Searched Product With Title StartWith **
01-05-2023 23:48:57
Searched Product With Title StartWith **
01-05-2023 23:48:58
Searched Product With Title StartWith **
01-05-2023 23:48:58
Searched Product With Title StartWith **
01-05-2023 23:48:58
Searched Product With Title StartWith **
01-05-2023 23:48:59
Searched Product With Title StartWith **
01-05-2023 23:49:01
Searched Product With Title StartWith dcsffd
01-05-2023 23:49:13
Searched Product With Title StartWith dcsffd
01-05-2023 23:49:33
Searched Product With Title StartWith **
01-05-2023 23:50:16
Searched Product With Title StartWith **
01-05-2023 23:50:16
Searched Product With Title StartWith **
01-05-2023 23:50:24
Searched Product With Title StartWith **
01-05-2023 23:50:25
Searched Product With Title StartWith **
01-05-2023 23:50:56
Searched Product With Title StartWith **
01-05-2023 23:52:21
Searched Product With Title StartWith **
01-05-2023 23:52:24
Searched Product With Title StartWith **
01-05-2023 23:52:48
Searched Product With Title StartWith **
01-05-2023 23:53:11
Searched Product With Title StartWith **
01-05-2023 23:53:58
Searched Product With Title StartWith **
01-05-2023 23:54:51
Searched Product With Title StartWith **
01-05-2023 23:54:54
Searched Product With Title StartWith **
01-05-2023 23:55:04
Searched Product With Title StartWith **
01-05-2023 23:55:12
Searched Product With Title StartWith **
01-05-2023 23:55:15
Searched Product With Title StartWith **
01-05-2023 23:55:25
Searched Product With Title StartWith **
01-05-2023 23:56:08
Searched Product With Title StartWith **
01-05-2023 23:56:27
Searched Product With Title StartWith **
01-05-2023 23:56:28
Searched Product With Title StartWith **
01-05-2023 23:57:06
Searched Product With Title StartWith **
01-05-2023 23:58:13
Searched Product With Title StartWith **
01-05-2023 23:59:11
Searched Product With Title StartWith **
01-05-2023 23:59:44
Searched Product With Title StartWith **
01-05-2023 23:59:44
Searched Product With Title StartWith **
01-05-2023 23:59:44
Searched Product With Title StartWith **
01-05-2023 23:59:45
Searched Product With Title StartWith **
01-05-2023 23:59:45
Searched Product With Title StartWith **
