23-04-2023 23:26:35
Get All The Products
23-04-2023 23:26:56
Added New product
23-04-2023 23:26:57
Get All The Products
23-04-2023 23:26:57
Get All The Products
23-04-2023 23:27:35
Get  The Product By Id 5002
23-04-2023 23:27:38
Updated the Product with Id 5002
23-04-2023 23:27:38
Get All The Products
23-04-2023 23:27:38
Get All The Products
23-04-2023 23:28:10
Get  The Product By Id 9
23-04-2023 23:28:13
Updated the Product with Id 9
23-04-2023 23:28:13
Get All The Products
23-04-2023 23:28:13
Get All The Products
23-04-2023 23:28:17
Get  The Product By Id 5002
23-04-2023 23:28:19
Get All The Products
23-04-2023 23:28:24
Get  The Product By Id 5002
23-04-2023 23:28:27
Updated the Product with Id 5002
23-04-2023 23:28:27
Get All The Products
23-04-2023 23:28:28
Get All The Products
23-04-2023 23:28:35
Deleted The Product With Id 5002
23-04-2023 23:28:35
Get All The Products
23-04-2023 23:28:37
Get All The Products
23-04-2023 23:28:51
Added New product
23-04-2023 23:28:51
Get All The Products
23-04-2023 23:28:51
Get All The Products
23-04-2023 23:28:55
Get  The Product By Id 5003
23-04-2023 23:28:57
Updated the Product with Id 5003
23-04-2023 23:28:57
Get All The Products
23-04-2023 23:28:57
Get All The Products
23-04-2023 23:29:13
Deleted The Product With Id 5003
23-04-2023 23:29:13
Get All The Products
23-04-2023 23:29:22
Get  The Product By Id 9
23-04-2023 23:29:27
Get All The Products
23-04-2023 23:29:29
Get  The Product By Id 9
23-04-2023 23:29:30
Get All The Products
23-04-2023 23:29:31
Get  The Product By Id 11
23-04-2023 23:29:45
Get  The Product By Id 11
23-04-2023 23:29:48
Get All The Products
23-04-2023 23:29:50
Get  The Product By Id 9
23-04-2023 23:29:53
Get All The Products
23-04-2023 23:29:55
Get  The Product By Id 9
23-04-2023 23:30:07
Get All The Products
23-04-2023 23:30:08
Get  The Product By Id 9
23-04-2023 23:31:14
Get All The Products
23-04-2023 23:31:15
Get All The Products
23-04-2023 23:31:17
Get  The Product By Id 9
23-04-2023 23:31:35
Get All The Products
23-04-2023 23:31:36
Get  The Product By Id 10
23-04-2023 23:31:46
Get All The Products
23-04-2023 23:31:47
Get  The Product By Id 12
23-04-2023 23:31:50
Get All The Products
23-04-2023 23:31:51
Get  The Product By Id 2006
23-04-2023 23:31:54
Get All The Products
23-04-2023 23:31:55
Get  The Product By Id 11
23-04-2023 23:31:56
Get All The Products
