02-05-2023 00:00:46
Get  The Product By Id 10
02-05-2023 00:00:51
Searched Product With Title StartWith **
02-05-2023 00:00:55
Searched Product With Title StartWith **
02-05-2023 00:00:55
Searched Product With Title StartWith **
02-05-2023 00:00:56
Searched Product With Title StartWith **
02-05-2023 00:00:57
Get  The Product By Id 19006
02-05-2023 00:01:01
Updated the Product with Id 19006
02-05-2023 00:01:01
Searched Product With Title StartWith **
02-05-2023 00:01:02
Searched Product With Title StartWith **
02-05-2023 00:01:03
Searched Product With Title StartWith **
02-05-2023 00:01:03
Searched Product With Title StartWith **
02-05-2023 00:01:09
Deleted The Product With Id 19006
02-05-2023 00:01:09
Searched Product With Title StartWith **
02-05-2023 00:01:12
Searched Product With Title StartWith **
02-05-2023 00:01:16
Searched Product With Title StartWith **
02-05-2023 00:01:17
Searched Product With Title StartWith **
02-05-2023 00:01:24
Deleted The Product With Id 19002
02-05-2023 00:01:24
Searched Product With Title StartWith **
02-05-2023 00:01:27
Get  The Product By Id 19005
02-05-2023 00:05:36
Get  The Product By Id 19005
02-05-2023 00:05:42
Searched Product With Title StartWith **
02-05-2023 00:05:42
Searched Product With Title StartWith **
02-05-2023 00:05:43
Searched Product With Title StartWith **
02-05-2023 00:05:45
Searched Product With Title StartWith **
02-05-2023 00:05:48
Get  The Product By Id 19005
02-05-2023 00:05:53
Updated the Product with Id 19005
02-05-2023 00:05:53
Searched Product With Title StartWith **
02-05-2023 00:05:55
Searched Product With Title StartWith **
02-05-2023 00:05:56
Searched Product With Title StartWith **
02-05-2023 00:05:58
Get  The Product By Id 19005
02-05-2023 00:06:02
Updated the Product with Id 19005
02-05-2023 00:06:02
Searched Product With Title StartWith **
02-05-2023 00:06:05
Searched Product With Title StartWith **
02-05-2023 00:06:05
Searched Product With Title StartWith **
02-05-2023 00:06:06
Get  The Product By Id 19005
02-05-2023 00:06:20
Updated the Product with Id 19005
02-05-2023 00:06:20
Searched Product With Title StartWith **
02-05-2023 00:06:21
Searched Product With Title StartWith **
02-05-2023 00:06:21
Searched Product With Title StartWith **
02-05-2023 00:06:22
Searched Product With Title StartWith **
02-05-2023 00:06:23
Searched Product With Title StartWith **
02-05-2023 00:06:26
Get  The Product By Id 19005
02-05-2023 00:06:40
Updated the Product with Id 19005
02-05-2023 00:06:40
Searched Product With Title StartWith **
02-05-2023 00:06:43
Searched Product With Title StartWith **
02-05-2023 00:06:43
Searched Product With Title StartWith **
02-05-2023 00:06:43
Searched Product With Title StartWith **
02-05-2023 00:06:44
Searched Product With Title StartWith **
02-05-2023 00:06:49
Get  The Product By Id 19005
02-05-2023 00:06:55
Get  The Product By Id 19005
02-05-2023 00:06:57
Updated the Product with Id 19005
02-05-2023 00:06:57
Searched Product With Title StartWith **
02-05-2023 00:06:59
Searched Product With Title StartWith **
02-05-2023 00:06:59
Searched Product With Title StartWith **
02-05-2023 00:06:59
Searched Product With Title StartWith **
02-05-2023 00:07:01
Searched Product With Title StartWith **
02-05-2023 00:07:07
Deleted The Product With Id 19005
02-05-2023 00:07:07
Searched Product With Title StartWith **
02-05-2023 00:07:09
Get  The Product By Id 19004
02-05-2023 00:07:31
Updated the Product with Id 19004
02-05-2023 00:07:31
Searched Product With Title StartWith **
02-05-2023 00:07:33
Searched Product With Title StartWith **
02-05-2023 00:07:33
Searched Product With Title StartWith **
02-05-2023 00:07:35
Get  The Product By Id 19004
02-05-2023 00:07:41
Updated the Product with Id 19004
02-05-2023 00:07:41
Searched Product With Title StartWith **
02-05-2023 00:07:43
Searched Product With Title StartWith **
02-05-2023 00:07:43
Searched Product With Title StartWith **
02-05-2023 00:07:52
Searched Product With Title StartWith **
02-05-2023 00:07:54
Searched Product With Title StartWith **
02-05-2023 00:07:59
Deleted The Product With Id 19004
02-05-2023 00:07:59
Searched Product With Title StartWith **
02-05-2023 00:08:03
Searched Product With Title StartWith **
02-05-2023 00:08:03
Searched Product With Title StartWith **
02-05-2023 00:08:03
Searched Product With Title StartWith **
02-05-2023 00:08:04
Searched Product With Title StartWith **
02-05-2023 00:08:04
Searched Product With Title StartWith **
02-05-2023 00:08:30
Searched Product With Title StartWith **
02-05-2023 00:08:48
Searched Product With Title StartWith **
02-05-2023 00:08:50
Searched Product With Title StartWith **
02-05-2023 00:08:54
Searched Product With Title StartWith **
02-05-2023 00:08:54
Searched Product With Title StartWith **
02-05-2023 00:09:04
Searched Product With Title StartWith **
02-05-2023 00:09:06
Searched Product With Title StartWith **
02-05-2023 00:09:18
Get  The Product By Id 19003
02-05-2023 00:09:20
Searched Product With Title StartWith **
02-05-2023 00:09:22
Searched Product With Title StartWith **
02-05-2023 00:09:25
Searched Product With Title StartWith **
02-05-2023 00:09:25
Searched Product With Title StartWith **
02-05-2023 00:09:32
Deleted The Product With Id 19003
02-05-2023 00:09:32
Searched Product With Title StartWith **
02-05-2023 00:09:42
Searched Product With Title StartWith **
02-05-2023 00:09:48
Searched Product With Title StartWith **
02-05-2023 00:09:49
Searched Product With Title StartWith **
02-05-2023 00:10:00
Deleted The Product With Id 10007
02-05-2023 00:10:00
Searched Product With Title StartWith **
02-05-2023 00:11:26
Added New product
02-05-2023 00:11:26
Searched Product With Title StartWith **
02-05-2023 00:11:27
Searched Product With Title StartWith **
02-05-2023 00:11:27
Searched Product With Title StartWith **
02-05-2023 00:11:30
Get  The Product By Id 21003
02-05-2023 00:11:32
Searched Product With Title StartWith **
02-05-2023 00:11:33
Searched Product With Title StartWith **
02-05-2023 00:11:33
Searched Product With Title StartWith **
02-05-2023 00:11:36
Get  The Product By Id 21003
02-05-2023 00:11:39
Updated the Product with Id 21003
02-05-2023 00:11:39
Searched Product With Title StartWith **
02-05-2023 00:11:44
Searched Product With Title StartWith **
02-05-2023 00:11:44
Searched Product With Title StartWith **
02-05-2023 00:11:46
Get  The Product By Id 21003
02-05-2023 00:11:50
Updated the Product with Id 21003
02-05-2023 00:11:50
Searched Product With Title StartWith **
02-05-2023 00:11:51
Searched Product With Title StartWith **
02-05-2023 00:11:51
Searched Product With Title StartWith **
02-05-2023 00:11:53
Get  The Product By Id 21003
02-05-2023 00:11:56
Updated the Product with Id 21003
02-05-2023 00:11:56
Searched Product With Title StartWith **
02-05-2023 00:11:58
Searched Product With Title StartWith **
02-05-2023 00:11:58
Searched Product With Title StartWith **
02-05-2023 00:12:01
Get  The Product By Id 21003
02-05-2023 00:12:03
Updated the Product with Id 21003
02-05-2023 00:12:04
Searched Product With Title StartWith **
02-05-2023 00:12:05
Searched Product With Title StartWith **
02-05-2023 00:12:05
Searched Product With Title StartWith **
02-05-2023 00:12:10
Get  The Product By Id 21003
02-05-2023 00:13:27
Updated the Product with Id 21003
02-05-2023 00:13:27
Searched Product With Title StartWith **
02-05-2023 00:13:36
Searched Product With Title StartWith **
02-05-2023 00:13:36
Searched Product With Title StartWith **
02-05-2023 00:13:38
Get  The Product By Id 21003
02-05-2023 00:13:40
Searched Product With Title StartWith **
02-05-2023 00:13:43
Searched Product With Title StartWith **
02-05-2023 00:13:44
Get  The Product By Id 9016
02-05-2023 00:13:46
Searched Product With Title StartWith **
02-05-2023 00:13:48
Get  The Product By Id 10
02-05-2023 00:13:52
Updated the Product with Id 10
02-05-2023 00:13:52
Searched Product With Title StartWith **
02-05-2023 00:13:54
Get  The Product By Id 10
02-05-2023 00:13:56
Searched Product With Title StartWith **
02-05-2023 00:13:57
Searched Product With Title StartWith **
02-05-2023 00:13:58
Searched Product With Title StartWith **
02-05-2023 00:14:14
Deleted The Product With Id 21003
02-05-2023 00:14:14
Searched Product With Title StartWith **
02-05-2023 00:14:17
Searched Product With Title StartWith **
02-05-2023 00:14:41
Searched Product With Title StartWith **
02-05-2023 00:14:41
Searched Product With Title StartWith **
02-05-2023 00:14:42
Get  The Product By Id 18004
02-05-2023 00:14:46
Searched Product With Title StartWith **
02-05-2023 00:16:59
Searched Product With Title StartWith **
02-05-2023 00:17:27
Get  The Product By Id 10
02-05-2023 00:17:28
Searched Product With Title StartWith **
02-05-2023 00:17:29
Get  The Product By Id 12
02-05-2023 00:17:31
Searched Product With Title StartWith **
02-05-2023 00:17:32
Get  The Product By Id 11
02-05-2023 00:17:33
Searched Product With Title StartWith **
02-05-2023 00:18:13
Added New product
02-05-2023 00:18:13
Searched Product With Title StartWith **
02-05-2023 00:18:15
Searched Product With Title StartWith **
02-05-2023 00:18:15
Searched Product With Title StartWith **
02-05-2023 00:18:48
Get  The Product By Id 21004
02-05-2023 00:19:13
Updated the Product with Id 21004
02-05-2023 00:19:13
Searched Product With Title StartWith **
02-05-2023 00:19:26
Searched Product With Title StartWith **
02-05-2023 00:19:26
Searched Product With Title StartWith **
02-05-2023 00:19:28
Get  The Product By Id 21004
02-05-2023 00:19:31
Updated the Product with Id 21004
02-05-2023 00:19:31
Searched Product With Title StartWith **
02-05-2023 00:19:42
Searched Product With Title StartWith **
02-05-2023 00:19:42
Searched Product With Title StartWith **
02-05-2023 00:19:43
Get  The Product By Id 21004
02-05-2023 00:19:56
Updated the Product with Id 21004
02-05-2023 00:19:56
Searched Product With Title StartWith **
02-05-2023 00:20:15
Searched Product With Title StartWith **
02-05-2023 00:20:16
Searched Product With Title StartWith **
02-05-2023 00:20:17
Get  The Product By Id 21004
02-05-2023 00:20:20
Searched Product With Title StartWith **
02-05-2023 00:20:22
Searched Product With Title StartWith **
02-05-2023 00:20:23
Searched Product With Title StartWith **
02-05-2023 00:20:26
Get  The Product By Id 18005
02-05-2023 00:20:27
Searched Product With Title StartWith **
02-05-2023 00:20:30
Searched Product With Title StartWith **
02-05-2023 00:20:30
Searched Product With Title StartWith **
02-05-2023 00:20:49
Searched Product With Title StartWith **
02-05-2023 00:20:52
Searched Product With Title StartWith csvd
02-05-2023 00:20:56
Searched Product With Title StartWith **
02-05-2023 00:20:59
Searched Product With Title StartWith s
02-05-2023 00:21:10
Searched Product With Title StartWith s
02-05-2023 00:21:11
Searched Product With Title StartWith s
02-05-2023 00:21:29
Searched Product With Title StartWith **
02-05-2023 00:21:42
Added New product
02-05-2023 00:21:42
Searched Product With Title StartWith **
02-05-2023 00:21:43
Searched Product With Title StartWith **
02-05-2023 00:21:43
Searched Product With Title StartWith **
02-05-2023 00:21:45
Get  The Product By Id 21005
02-05-2023 00:21:51
Updated the Product with Id 21005
02-05-2023 00:21:51
Searched Product With Title StartWith **
02-05-2023 00:21:54
Searched Product With Title StartWith **
02-05-2023 00:21:54
Searched Product With Title StartWith **
02-05-2023 00:21:56
Get  The Product By Id 21005
02-05-2023 00:21:58
Searched Product With Title StartWith **
02-05-2023 00:22:01
Searched Product With Title StartWith **
02-05-2023 00:22:01
Searched Product With Title StartWith **
02-05-2023 00:22:06
Deleted The Product With Id 21005
02-05-2023 00:22:06
Searched Product With Title StartWith **
02-05-2023 00:22:07
Get  The Product By Id 18004
02-05-2023 00:22:09
Searched Product With Title StartWith **
02-05-2023 00:22:12
Searched Product With Title StartWith **
02-05-2023 00:22:15
Searched Product With Title StartWith s
02-05-2023 00:22:17
Searched Product With Title StartWith s
02-05-2023 00:23:46
Added New product
02-05-2023 00:23:46
Searched Product With Title StartWith **
02-05-2023 00:23:48
Searched Product With Title StartWith **
02-05-2023 00:23:48
Searched Product With Title StartWith **
02-05-2023 00:23:51
Get  The Product By Id 21006
02-05-2023 00:23:58
Searched Product With Title StartWith **
02-05-2023 00:24:00
Searched Product With Title StartWith **
02-05-2023 00:24:00
Searched Product With Title StartWith **
02-05-2023 00:24:08
Get  The Product By Id 21004
02-05-2023 00:24:11
Searched Product With Title StartWith **
02-05-2023 00:24:13
Searched Product With Title StartWith **
02-05-2023 00:24:14
Searched Product With Title StartWith **
02-05-2023 00:24:17
Get  The Product By Id 21004
02-05-2023 00:24:51
Updated the Product with Id 21004
02-05-2023 00:24:51
Searched Product With Title StartWith **
02-05-2023 00:24:53
Searched Product With Title StartWith **
02-05-2023 00:24:53
Searched Product With Title StartWith **
02-05-2023 00:24:57
Get  The Product By Id 21004
02-05-2023 00:25:02
Searched Product With Title StartWith **
02-05-2023 00:25:42
Searched Product With Title StartWith **
02-05-2023 00:25:44
Get  The Product By Id 9014
02-05-2023 00:25:54
Searched Product With Title StartWith **
02-05-2023 00:27:26
Searched Product With Title StartWith **
02-05-2023 00:27:48
Get  The Product By Id 10
02-05-2023 00:31:31
Searched Product With Title StartWith **
02-05-2023 00:31:34
Get  The Product By Id 10
02-05-2023 00:31:35
Searched Product With Title StartWith **
02-05-2023 00:32:38
Searched Product With Title StartWith **
02-05-2023 00:32:40
Searched Product With Title StartWith **
02-05-2023 00:33:12
Searched Product With Title StartWith **
02-05-2023 00:33:13
Get  The Product By Id 11
02-05-2023 00:33:19
Searched Product With Title StartWith **
02-05-2023 00:36:06
Searched Product With Title StartWith **
02-05-2023 00:36:08
Get  The Product By Id 11
02-05-2023 00:36:09
Searched Product With Title StartWith **
02-05-2023 00:36:36
Searched Product With Title StartWith **
02-05-2023 00:37:10
Searched Product With Title StartWith **
02-05-2023 00:37:12
Searched Product With Title StartWith **
02-05-2023 00:37:14
Get  The Product By Id 10
02-05-2023 00:37:33
Searched Product With Title StartWith **
02-05-2023 00:42:05
Searched Product With Title StartWith **
02-05-2023 00:42:06
Get  The Product By Id 11
02-05-2023 00:42:12
Searched Product With Title StartWith **
02-05-2023 00:42:14
Get  The Product By Id 2006
02-05-2023 00:42:16
Searched Product With Title StartWith **
02-05-2023 00:42:18
Get  The Product By Id 9016
02-05-2023 09:28:30
Added New product
02-05-2023 09:28:52
Searched Product With Title StartWith **
02-05-2023 09:28:58
Searched Product With Title StartWith **
02-05-2023 09:29:05
Get  The Product By Id 22002
02-05-2023 09:29:17
Searched Product With Title StartWith **
02-05-2023 09:29:18
Searched Product With Title StartWith **
02-05-2023 09:29:19
Searched Product With Title StartWith **
02-05-2023 09:29:23
Get  The Product By Id 22002
02-05-2023 09:29:32
Updated the Product with Id 22002
02-05-2023 09:29:32
Searched Product With Title StartWith **
02-05-2023 09:29:35
Searched Product With Title StartWith **
02-05-2023 09:29:36
Searched Product With Title StartWith **
02-05-2023 09:29:46
Deleted The Product With Id 22002
02-05-2023 09:29:46
Searched Product With Title StartWith **
02-05-2023 09:30:03
Get  The Product By Id 22002
02-05-2023 09:30:39
Get  The Product By Id 21006
02-05-2023 09:30:50
Searched Product With Title StartWith **
02-05-2023 09:30:53
Get  The Product By Id 9016
02-05-2023 09:31:05
Get  The Product By Id 22002
02-05-2023 09:31:07
Get  The Product By Id 22002
02-05-2023 09:31:11
Searched Product With Title StartWith **
02-05-2023 09:32:02
Get All The Products
02-05-2023 09:32:13
Get  The Product By Id 220022132
02-05-2023 09:32:31
Get  The Product By Id 10
02-05-2023 09:32:44
Get  The Product By Id 104324354
02-05-2023 09:32:56
Get  The Product By Id 104324
02-05-2023 09:33:17
Get  The Product By Id 10
02-05-2023 09:33:22
Searched Product With Title StartWith **
02-05-2023 09:33:23
Searched Product With Title StartWith **
02-05-2023 09:33:24
Searched Product With Title StartWith **
02-05-2023 09:33:33
Searched Product With Title StartWith **
02-05-2023 09:33:35
Searched Product With Title StartWith **
02-05-2023 09:33:37
Searched Product With Title StartWith **
02-05-2023 09:33:37
Searched Product With Title StartWith **
02-05-2023 09:33:54
Searched Product With Title StartWith s
02-05-2023 09:33:56
Searched Product With Title StartWith s
02-05-2023 09:33:58
Searched Product With Title StartWith s
02-05-2023 09:34:06
Searched Product With Title StartWith **
02-05-2023 09:34:08
Searched Product With Title StartWith **
02-05-2023 09:34:09
Searched Product With Title StartWith **
02-05-2023 10:05:28
Searched Product With Title StartWith **
02-05-2023 10:05:49
Added New product
02-05-2023 10:06:02
Searched Product With Title StartWith **
02-05-2023 10:06:04
Searched Product With Title StartWith **
02-05-2023 10:06:04
Searched Product With Title StartWith **
02-05-2023 10:06:48
Added New product
02-05-2023 10:06:48
Searched Product With Title StartWith **
02-05-2023 10:06:50
Searched Product With Title StartWith **
02-05-2023 10:06:50
Searched Product With Title StartWith **
02-05-2023 10:06:50
Searched Product With Title StartWith **
02-05-2023 10:06:52
Searched Product With Title StartWith **
02-05-2023 10:06:57
Deleted The Product With Id 23002
02-05-2023 10:06:57
Searched Product With Title StartWith **
02-05-2023 10:07:01
Deleted The Product With Id 23003
02-05-2023 10:07:01
Searched Product With Title StartWith **
02-05-2023 10:07:03
Get  The Product By Id 21006
02-05-2023 10:07:08
Updated the Product with Id 21006
02-05-2023 10:07:08
Searched Product With Title StartWith **
02-05-2023 10:07:10
Searched Product With Title StartWith **
02-05-2023 10:07:10
Searched Product With Title StartWith **
02-05-2023 10:09:56
Searched Product With Title StartWith **
02-05-2023 10:12:05
Get  The Product By Id 9014
02-05-2023 10:12:09
Updated the Product with Id 9014
02-05-2023 10:12:09
Searched Product With Title StartWith **
02-05-2023 10:12:12
Get  The Product By Id 9014
02-05-2023 10:12:14
Searched Product With Title StartWith **
02-05-2023 10:12:19
Searched Product With Title StartWith **
02-05-2023 10:18:14
Searched Product With Title StartWith **
02-05-2023 10:18:17
Get  The Product By Id 10
02-05-2023 10:18:21
Updated the Product with Id 10
02-05-2023 10:18:21
Searched Product With Title StartWith **
02-05-2023 10:18:26
Searched Product With Title StartWith **
02-05-2023 10:19:10
Added New product
02-05-2023 10:19:10
Searched Product With Title StartWith **
02-05-2023 10:19:13
Searched Product With Title StartWith **
02-05-2023 10:19:13
Searched Product With Title StartWith **
02-05-2023 10:19:16
Get  The Product By Id 23004
02-05-2023 10:19:29
Updated the Product with Id 23004
02-05-2023 10:19:29
Searched Product With Title StartWith **
02-05-2023 10:19:31
Searched Product With Title StartWith **
02-05-2023 10:19:31
Searched Product With Title StartWith **
02-05-2023 10:19:34
Get  The Product By Id 23004
02-05-2023 10:19:37
Searched Product With Title StartWith **
02-05-2023 10:20:04
Searched Product With Title StartWith **
02-05-2023 10:20:08
Get  The Product By Id 9015
02-05-2023 10:20:09
Searched Product With Title StartWith **
02-05-2023 10:41:58
Searched Product With Title StartWith **
02-05-2023 10:56:46
Searched Product With Title StartWith s
02-05-2023 10:56:48
Searched Product With Title StartWith s
02-05-2023 10:56:52
Searched Product With Title StartWith s
02-05-2023 10:56:54
Searched Product With Title StartWith s
02-05-2023 10:56:55
Searched Product With Title StartWith s
02-05-2023 10:56:59
Get  The Product By Id 21006
02-05-2023 10:57:01
Searched Product With Title StartWith **
02-05-2023 10:57:02
Searched Product With Title StartWith **
02-05-2023 10:57:02
Searched Product With Title StartWith **
02-05-2023 10:57:06
Searched Product With Title StartWith **
02-05-2023 10:57:07
Searched Product With Title StartWith **
02-05-2023 10:57:19
Get  The Product By Id 23004
02-05-2023 10:57:21
Searched Product With Title StartWith **
02-05-2023 10:57:22
Searched Product With Title StartWith **
02-05-2023 10:57:23
Searched Product With Title StartWith **
02-05-2023 10:57:27
Deleted The Product With Id 23004
02-05-2023 10:57:27
Searched Product With Title StartWith **
02-05-2023 10:57:31
Searched Product With Title StartWith **
02-05-2023 10:57:36
Searched Product With Title StartWith vxv
02-05-2023 10:57:45
Searched Product With Title StartWith **
02-05-2023 11:11:02
Searched Product With Title StartWith **
02-05-2023 11:30:27
Searched Product With Title StartWith **
02-05-2023 11:30:33
Searched Product With Title StartWith sjh,hj
02-05-2023 11:30:36
Searched Product With Title StartWith s
02-05-2023 11:30:40
Searched Product With Title StartWith **
02-05-2023 11:30:44
Searched Product With Title StartWith **
02-05-2023 11:30:45
Searched Product With Title StartWith **
02-05-2023 11:36:03
Searched Product With Title StartWith **
02-05-2023 11:41:22
Searched Product With Title StartWith **
02-05-2023 11:44:08
Searched Product With Title StartWith **
02-05-2023 11:44:10
Get  The Product By Id 2006
02-05-2023 11:44:14
Searched Product With Title StartWith **
02-05-2023 11:44:33
Searched Product With Title StartWith s
02-05-2023 11:44:36
Searched Product With Title StartWith s
02-05-2023 11:44:57
Searched Product With Title StartWith **
02-05-2023 11:45:02
Searched Product With Title StartWith **
02-05-2023 11:45:03
Searched Product With Title StartWith **
02-05-2023 11:45:05
Searched Product With Title StartWith **
02-05-2023 11:45:05
Searched Product With Title StartWith **
02-05-2023 11:45:08
Searched Product With Title StartWith **
02-05-2023 11:45:29
Searched Product With Title StartWith **
02-05-2023 11:45:37
Searched Product With Title StartWith **
02-05-2023 11:45:46
Searched Product With Title StartWith **
02-05-2023 11:46:03
Get  The Product By Id 12007
02-05-2023 11:46:11
Updated the Product with Id 12007
02-05-2023 11:46:11
Searched Product With Title StartWith **
02-05-2023 11:46:14
Searched Product With Title StartWith **
02-05-2023 11:46:32
Deleted The Product With Id 10003
02-05-2023 11:46:32
Searched Product With Title StartWith **
02-05-2023 11:46:47
Searched Product With Title StartWith **
