27-04-2023 01:30:14
Get  The Product By Id 2006
27-04-2023 01:30:27
Deleted The Product With Id 8002
27-04-2023 01:30:30
Deleted The Product With Id 9003
27-04-2023 09:50:52
Added New product
27-04-2023 09:51:01
Added New product
27-04-2023 09:51:17
Added New product
27-04-2023 09:51:55
Deleted The Product With Id 9026
27-04-2023 09:52:56
Added New product
27-04-2023 09:53:07
Added New product
27-04-2023 09:53:20
Added New product
27-04-2023 09:54:00
Deleted The Product With Id 10006
27-04-2023 09:54:01
Get  The Product By Id 10007
27-04-2023 09:54:04
Updated the Product with Id 10007
27-04-2023 09:54:21
Added New product
27-04-2023 09:54:33
Get  The Product By Id 10008
27-04-2023 09:54:36
Updated the Product with Id 10008
27-04-2023 09:54:47
Deleted The Product With Id 10008
27-04-2023 09:54:49
Get  The Product By Id 9023
27-04-2023 09:54:52
Updated the Product with Id 9023
27-04-2023 09:54:59
Get  The Product By Id 9019
27-04-2023 09:55:02
Updated the Product with Id 9019
27-04-2023 09:57:02
Added New product
27-04-2023 09:57:19
Added New product
27-04-2023 09:57:33
Added New product
27-04-2023 09:58:34
Get  The Product By Id 10011
27-04-2023 09:59:15
Get  The Product By Id 10011
27-04-2023 09:59:21
Updated the Product with Id 10011
27-04-2023 09:59:26
Get  The Product By Id 10010
27-04-2023 09:59:33
Updated the Product with Id 10010
27-04-2023 09:59:38
Get  The Product By Id 10009
27-04-2023 09:59:45
Updated the Product with Id 10009
27-04-2023 09:59:52
Get  The Product By Id 10003
27-04-2023 09:59:57
Get  The Product By Id 9018
27-04-2023 10:00:00
Get  The Product By Id 9018
27-04-2023 10:00:02
Updated the Product with Id 9018
27-04-2023 10:00:04
Get  The Product By Id 9018
27-04-2023 10:00:48
Get  The Product By Id 9018
27-04-2023 10:00:56
Get  The Product By Id 9
27-04-2023 10:01:04
Get  The Product By Id 9018
27-04-2023 10:52:20
Get  The Product By Id 9
27-04-2023 10:52:28
Get  The Product By Id 9
27-04-2023 11:03:33
Deleted The Product With Id 10004
27-04-2023 11:29:05
Get  The Product By Id 10011
27-04-2023 11:57:20
Get  The Product By Id 9
27-04-2023 12:00:00
Get  The Product By Id 11
27-04-2023 13:20:48
Get  The Product By Id 11
27-04-2023 13:21:04
Get  The Product By Id 9023
27-04-2023 13:21:35
Get  The Product By Id 6002
27-04-2023 13:24:05
Deleted The Product With Id 9
27-04-2023 13:27:10
Get  The Product By Id 12
27-04-2023 13:27:14
Get  The Product By Id 9019
27-04-2023 13:33:36
Get  The Product By Id 6002
27-04-2023 13:46:26
Get  The Product By Id 6002
27-04-2023 13:46:30
Updated the Product with Id 6002
27-04-2023 13:47:21
Get  The Product By Id 6002
27-04-2023 13:47:26
Updated the Product with Id 6002
27-04-2023 16:00:01
Get  The Product By Id 10
27-04-2023 16:23:57
Get  The Product By Id 11
27-04-2023 16:24:22
Added New product
27-04-2023 16:24:58
Added New product
27-04-2023 16:25:08
Deleted The Product With Id 11002
27-04-2023 16:25:09
Get  The Product By Id 11003
27-04-2023 16:27:17
Added New product
27-04-2023 16:28:36
Deleted The Product With Id 11004
27-04-2023 16:28:52
Deleted The Product With Id 11003
27-04-2023 16:32:13
Get  The Product By Id 9015
27-04-2023 16:32:36
Get  The Product By Id 9015
27-04-2023 16:32:51
Updated the Product with Id 9015
27-04-2023 16:54:03
Deleted The Product With Id 10011
27-04-2023 16:54:05
Get  The Product By Id 10010
27-04-2023 16:54:09
Updated the Product with Id 10010
27-04-2023 16:55:28
Added New product
27-04-2023 16:55:45
Get  The Product By Id 10010
27-04-2023 16:55:48
Updated the Product with Id 10010
27-04-2023 16:56:11
Deleted The Product With Id 12002
27-04-2023 16:56:31
Get  The Product By Id 9024
27-04-2023 16:56:36
Get  The Product By Id 6002
27-04-2023 16:56:40
Get  The Product By Id 9019
27-04-2023 16:56:52
Updated the Product with Id 9019
27-04-2023 16:56:55
Get  The Product By Id 9019
27-04-2023 16:58:15
Get  The Product By Id 10010
27-04-2023 16:58:38
Get  The Product By Id 10010
27-04-2023 16:59:08
Get  The Product By Id 10010
27-04-2023 16:59:14
Get  The Product By Id 10
27-04-2023 16:59:40
Get  The Product By Id 10
27-04-2023 17:00:01
Updated the Product with Id 10
27-04-2023 17:00:05
Get  The Product By Id 10
27-04-2023 17:00:37
Get  The Product By Id 6002
27-04-2023 17:00:42
Get  The Product By Id 10
27-04-2023 17:00:45
Get  The Product By Id 9016
27-04-2023 17:00:53
Get  The Product By Id 12
27-04-2023 17:09:16
Added New product
27-04-2023 17:11:22
Get  The Product By Id 12003
27-04-2023 17:11:26
Updated the Product with Id 12003
27-04-2023 17:11:37
Deleted The Product With Id 12003
27-04-2023 17:11:57
Get  The Product By Id 10010
27-04-2023 17:12:01
Updated the Product with Id 10010
27-04-2023 17:12:07
Deleted The Product With Id 10010
27-04-2023 17:15:03
Added New product
27-04-2023 17:15:12
Get  The Product By Id 12004
27-04-2023 17:15:16
Updated the Product with Id 12004
27-04-2023 17:15:22
Get  The Product By Id 12004
27-04-2023 17:15:52
Added New product
27-04-2023 17:16:20
Added New product
27-04-2023 17:16:30
Get  The Product By Id 12005
27-04-2023 17:17:38
Added New product
27-04-2023 17:17:54
Get  The Product By Id 12007
27-04-2023 17:33:12
Get  The Product By Id 10
