25-04-2023 10:27:59
Get All The Products
25-04-2023 10:28:03
Get All The Products
25-04-2023 10:28:04
Get All The Products
25-04-2023 10:28:05
Get All The Products
25-04-2023 10:35:45
Get All The Products
25-04-2023 10:35:46
Get All The Products
25-04-2023 10:35:46
Get All The Products
25-04-2023 10:35:46
Get All The Products
25-04-2023 10:35:47
Get All The Products
25-04-2023 10:35:47
Get All The Products
25-04-2023 10:35:48
Get All The Products
25-04-2023 10:35:49
Get All The Products
25-04-2023 10:35:49
Get All The Products
25-04-2023 10:35:50
Get All The Products
25-04-2023 10:35:51
Get All The Products
25-04-2023 10:35:51
Get All The Products
25-04-2023 10:35:51
Get All The Products
25-04-2023 10:35:51
Get All The Products
25-04-2023 10:35:51
Get All The Products
25-04-2023 10:35:51
Get All The Products
25-04-2023 10:35:52
Get All The Products
25-04-2023 10:35:52
Get All The Products
25-04-2023 10:35:53
Get All The Products
25-04-2023 10:35:54
Get All The Products
25-04-2023 10:35:54
Get All The Products
25-04-2023 10:36:05
Get All The Products
25-04-2023 10:36:06
Get  The Product By Id 10
25-04-2023 10:36:10
Get All The Products
25-04-2023 13:02:49
Get All The Products
25-04-2023 13:03:02
Get All The Products
25-04-2023 13:07:22
Get All The Products
25-04-2023 13:07:32
Get  The Product By Id 2006
25-04-2023 13:07:34
Get All The Products
25-04-2023 13:07:46
Get  The Product By Id 10
25-04-2023 13:07:51
Get All The Products
25-04-2023 13:12:24
Get All The Products
25-04-2023 13:16:17
Get All The Products
25-04-2023 13:16:40
Get All The Products
25-04-2023 13:16:41
Get All The Products
25-04-2023 13:19:28
Get  The Product By Id 12
25-04-2023 13:19:33
Get All The Products
25-04-2023 13:19:42
Get All The Products
25-04-2023 13:26:47
Get All The Products
25-04-2023 13:28:38
Get All The Products
25-04-2023 13:30:01
Get All The Products
25-04-2023 13:33:36
Get All The Products
25-04-2023 13:34:17
Get All The Products
25-04-2023 13:35:08
Get All The Products
25-04-2023 13:35:09
Get All The Products
25-04-2023 13:36:08
Get All The Products
25-04-2023 13:36:53
Get All The Products
25-04-2023 13:54:04
Get All The Products
25-04-2023 13:54:49
Get All The Products
25-04-2023 13:59:14
Get All The Products
25-04-2023 14:01:21
Added New product
25-04-2023 14:01:22
Get All The Products
25-04-2023 14:01:22
Get All The Products
25-04-2023 14:01:54
Get All The Products
25-04-2023 14:08:12
Get All The Products
25-04-2023 14:24:27
Get All The Products
25-04-2023 14:24:39
Get  The Product By Id 2006
25-04-2023 14:24:41
Get All The Products
25-04-2023 14:25:43
Get All The Products
25-04-2023 14:26:11
Get All The Products
25-04-2023 14:26:20
Get All The Products
25-04-2023 14:27:04
Get All The Products
25-04-2023 14:32:00
Get All The Products
25-04-2023 15:05:56
Get All The Products
25-04-2023 15:27:34
Get  The Product By Id 2006
25-04-2023 15:27:36
Get All The Products
25-04-2023 15:31:50
Get All The Products
25-04-2023 15:45:29
Added New product
25-04-2023 15:45:29
Get All The Products
25-04-2023 15:45:29
Get All The Products
25-04-2023 15:45:42
Get All The Products
25-04-2023 15:46:11
Get  The Product By Id 6003
25-04-2023 15:46:14
Get All The Products
25-04-2023 15:46:27
Added New product
25-04-2023 15:46:27
Get All The Products
25-04-2023 15:46:27
Get All The Products
25-04-2023 15:46:31
Deleted The Product With Id 6004
25-04-2023 15:46:31
Get All The Products
25-04-2023 15:46:33
Deleted The Product With Id 6003
25-04-2023 15:46:33
Get All The Products
25-04-2023 15:46:59
Get  The Product By Id 2006
25-04-2023 15:47:01
Get All The Products
25-04-2023 15:51:35
Get All The Products
25-04-2023 15:51:35
Get All The Products
25-04-2023 15:53:18
Get All The Products
25-04-2023 15:53:54
Added New product
25-04-2023 15:53:54
Get All The Products
25-04-2023 15:53:54
Get All The Products
25-04-2023 15:54:36
Get All The Products
25-04-2023 15:55:01
Get All The Products
25-04-2023 15:57:51
Get  The Product By Id 2006
25-04-2023 15:57:53
Get All The Products
25-04-2023 15:58:11
Get All The Products
25-04-2023 16:01:49
Get All The Products
25-04-2023 16:02:13
Get All The Products
25-04-2023 16:02:18
Get  The Product By Id 2006
25-04-2023 16:07:54
Get All The Products
25-04-2023 16:58:36
Get  The Product By Id 2006
25-04-2023 16:58:37
Get All The Products
