30-04-2023 13:43:37
Get  The Product By Id 2006
30-04-2023 14:05:09
Get  The Product By Id 10
30-04-2023 14:05:36
Get  The Product By Id 10
30-04-2023 14:05:36
Get  The Product By Id 10
30-04-2023 14:05:41
Get  The Product By Id 10
30-04-2023 14:05:43
Get  The Product By Id 11
30-04-2023 14:05:44
Get  The Product By Id 11
30-04-2023 14:07:40
Get  The Product By Id 11
30-04-2023 14:16:00
Get  The Product By Id 10
30-04-2023 14:17:10
Get  The Product By Id 10
30-04-2023 14:17:13
Get  The Product By Id 10
30-04-2023 14:17:16
Get  The Product By Id 9016
30-04-2023 14:17:23
Get  The Product By Id 14005
30-04-2023 14:17:42
Get  The Product By Id 10
30-04-2023 14:18:05
Get  The Product By Id 10
30-04-2023 14:18:08
Get  The Product By Id 10
30-04-2023 14:18:24
Get  The Product By Id 2006
30-04-2023 14:28:54
Get  The Product By Id 9015
30-04-2023 14:28:59
Get  The Product By Id 12
30-04-2023 14:30:19
Get  The Product By Id 12
30-04-2023 14:35:20
Get  The Product By Id 10
30-04-2023 14:35:23
Get  The Product By Id 11
30-04-2023 14:36:45
Get  The Product By Id 10
30-04-2023 14:37:39
Get  The Product By Id 10
30-04-2023 14:52:31
Get  The Product By Id 10
30-04-2023 14:52:33
Get  The Product By Id 2006
30-04-2023 15:06:43
Get  The Product By Id 9014
30-04-2023 15:07:15
Get  The Product By Id 2006
30-04-2023 15:07:18
Get  The Product By Id 9016
30-04-2023 15:07:26
Get  The Product By Id 14005
30-04-2023 20:00:12
Get  The Product By Id 10
30-04-2023 20:02:08
Get  The Product By Id 9022
30-04-2023 20:02:28
Updated the Product with Id 9022
30-04-2023 20:02:30
Get  The Product By Id 9015
30-04-2023 20:02:35
Get  The Product By Id 12
30-04-2023 20:03:13
Get  The Product By Id 10003
30-04-2023 20:03:18
Updated the Product with Id 10003
30-04-2023 20:03:40
Get  The Product By Id 10003
30-04-2023 20:03:44
Updated the Product with Id 10003
30-04-2023 20:04:24
Get  The Product By Id 14004
30-04-2023 20:05:02
Get  The Product By Id 14004
30-04-2023 20:05:25
Get  The Product By Id 14004
30-04-2023 20:05:26
Get  The Product By Id 14004
30-04-2023 20:05:27
Get  The Product By Id 14004
30-04-2023 20:05:36
Get  The Product By Id 14005
30-04-2023 20:05:39
Updated the Product with Id 14005
30-04-2023 20:05:53
Deleted The Product With Id 14005
30-04-2023 20:06:27
Added New product
30-04-2023 20:06:49
Get  The Product By Id 15002
30-04-2023 20:07:20
Get  The Product By Id 9019
30-04-2023 20:07:23
Updated the Product with Id 9019
30-04-2023 20:15:13
Get  The Product By Id 9022
30-04-2023 20:15:45
Get  The Product By Id 11
30-04-2023 20:20:13
Get  The Product By Id 10
30-04-2023 20:20:21
Get  The Product By Id 15002
30-04-2023 20:20:23
Updated the Product with Id 15002
30-04-2023 20:20:45
Get  The Product By Id 15002
30-04-2023 20:20:48
Updated the Product with Id 15002
30-04-2023 20:20:55
Deleted The Product With Id 15002
30-04-2023 20:21:04
Get  The Product By Id 12006
30-04-2023 22:23:45
Searched Product With Title StartWith s
30-04-2023 22:25:17
Get  The Product By Id 10005
30-04-2023 22:25:23
Searched Product With Title StartWith **
30-04-2023 22:25:24
Get  The Product By Id 10
30-04-2023 22:25:31
Searched Product With Title StartWith **
30-04-2023 22:25:32
Get  The Product By Id 9015
30-04-2023 22:25:35
Searched Product With Title StartWith **
30-04-2023 22:25:36
Get  The Product By Id 6002
30-04-2023 22:25:37
Searched Product With Title StartWith **
30-04-2023 22:25:40
Get  The Product By Id 9020
30-04-2023 22:25:42
Searched Product With Title StartWith **
30-04-2023 22:25:46
Get  The Product By Id 9020
30-04-2023 22:25:47
Searched Product With Title StartWith **
30-04-2023 22:25:52
Get  The Product By Id 9020
30-04-2023 22:25:56
Updated the Product with Id 9020
30-04-2023 22:25:56
Searched Product With Title StartWith **
30-04-2023 22:26:28
Searched Product With Title StartWith s
30-04-2023 22:26:31
Searched Product With Title StartWith sh
30-04-2023 22:26:35
Searched Product With Title StartWith m
30-04-2023 22:27:17
Searched Product With Title StartWith **
30-04-2023 22:29:00
Searched Product With Title StartWith **
30-04-2023 22:29:02
Searched Product With Title StartWith **
30-04-2023 22:29:28
Searched Product With Title StartWith **
30-04-2023 22:29:44
Searched Product With Title StartWith **
30-04-2023 22:29:56
Searched Product With Title StartWith **
30-04-2023 22:29:57
Searched Product With Title StartWith **
30-04-2023 22:30:13
Searched Product With Title StartWith s
30-04-2023 22:30:15
Searched Product With Title StartWith **
30-04-2023 22:30:16
Searched Product With Title StartWith **
30-04-2023 22:30:18
Searched Product With Title StartWith hj
30-04-2023 22:30:38
Searched Product With Title StartWith hj
30-04-2023 22:30:42
Searched Product With Title StartWith **
30-04-2023 22:30:42
Searched Product With Title StartWith **
30-04-2023 22:30:42
Searched Product With Title StartWith **
30-04-2023 22:30:50
Get All The Products
30-04-2023 22:31:21
Added New product
30-04-2023 22:32:06
Get  The Product By Id 6002
30-04-2023 22:33:05
Updated the Product with Id 6002
30-04-2023 22:33:34
Deleted The Product With Id 6002
30-04-2023 22:34:11
Searched Product With Title StartWith s
30-04-2023 22:40:11
Searched Product With Title StartWith **
30-04-2023 22:40:29
Searched Product With Title StartWith **
30-04-2023 22:40:35
Get  The Product By Id 9019
30-04-2023 22:40:41
Searched Product With Title StartWith **
30-04-2023 22:40:45
Get  The Product By Id 9021
30-04-2023 22:40:47
Searched Product With Title StartWith **
30-04-2023 22:40:50
Searched Product With Title StartWith **
30-04-2023 22:40:50
Searched Product With Title StartWith **
30-04-2023 22:40:51
Get  The Product By Id 15003
30-04-2023 22:40:53
Searched Product With Title StartWith **
30-04-2023 22:40:56
Searched Product With Title StartWith **
30-04-2023 22:40:56
Searched Product With Title StartWith **
30-04-2023 22:40:58
Get  The Product By Id 15003
30-04-2023 22:41:12
Searched Product With Title StartWith **
30-04-2023 22:41:14
Searched Product With Title StartWith **
30-04-2023 22:41:14
Searched Product With Title StartWith **
30-04-2023 22:41:16
Get  The Product By Id 15003
30-04-2023 22:41:19
Searched Product With Title StartWith **
30-04-2023 22:41:22
Searched Product With Title StartWith s
30-04-2023 22:41:25
Searched Product With Title StartWith s
30-04-2023 22:41:26
Get  The Product By Id 15003
30-04-2023 22:41:29
Updated the Product with Id 15003
30-04-2023 22:41:29
Searched Product With Title StartWith **
30-04-2023 22:41:34
Searched Product With Title StartWith s
30-04-2023 22:41:40
Searched Product With Title StartWith str
30-04-2023 22:41:43
Deleted The Product With Id 15003
30-04-2023 22:41:43
Searched Product With Title StartWith str
30-04-2023 22:42:02
Searched Product With Title StartWith **
30-04-2023 22:42:06
Searched Product With Title StartWith **
30-04-2023 22:42:07
Searched Product With Title StartWith **
30-04-2023 22:42:09
Searched Product With Title StartWith **
30-04-2023 22:42:10
Searched Product With Title StartWith **
30-04-2023 22:42:11
Searched Product With Title StartWith **
30-04-2023 22:42:18
Searched Product With Title StartWith **
30-04-2023 22:42:19
Searched Product With Title StartWith **
30-04-2023 22:42:19
Searched Product With Title StartWith **
30-04-2023 22:44:25
Searched Product With Title StartWith **
30-04-2023 22:45:36
Searched Product With Title StartWith **
30-04-2023 22:45:38
Searched Product With Title StartWith **
30-04-2023 22:45:39
Searched Product With Title StartWith **
30-04-2023 22:45:41
Searched Product With Title StartWith **
30-04-2023 22:50:27
Get  The Product By Id 10003
30-04-2023 22:50:29
Searched Product With Title StartWith **
30-04-2023 22:50:32
Searched Product With Title StartWith **
30-04-2023 22:50:32
Searched Product With Title StartWith **
30-04-2023 22:50:34
Searched Product With Title StartWith **
30-04-2023 22:50:36
Searched Product With Title StartWith **
30-04-2023 22:56:14
Searched Product With Title StartWith **
30-04-2023 22:56:16
Searched Product With Title StartWith **
30-04-2023 22:56:17
Searched Product With Title StartWith **
30-04-2023 22:56:17
Searched Product With Title StartWith **
30-04-2023 22:56:18
Searched Product With Title StartWith **
30-04-2023 22:56:18
Searched Product With Title StartWith **
30-04-2023 22:56:18
Searched Product With Title StartWith **
30-04-2023 22:56:18
Searched Product With Title StartWith **
30-04-2023 22:56:35
Searched Product With Title StartWith **
30-04-2023 22:56:36
Searched Product With Title StartWith **
30-04-2023 22:58:18
Searched Product With Title StartWith **
30-04-2023 23:00:10
Searched Product With Title StartWith **
30-04-2023 23:00:11
Searched Product With Title StartWith **
30-04-2023 23:00:11
Searched Product With Title StartWith **
30-04-2023 23:00:11
Searched Product With Title StartWith **
30-04-2023 23:00:14
Get  The Product By Id 9021
30-04-2023 23:00:18
Updated the Product with Id 9021
30-04-2023 23:00:18
Searched Product With Title StartWith **
30-04-2023 23:00:20
Searched Product With Title StartWith **
30-04-2023 23:00:23
Searched Product With Title StartWith s
30-04-2023 23:00:27
Get  The Product By Id 10009
30-04-2023 23:00:31
Updated the Product with Id 10009
30-04-2023 23:00:31
Searched Product With Title StartWith **
30-04-2023 23:00:33
Searched Product With Title StartWith s
30-04-2023 23:00:40
Deleted The Product With Id 10009
30-04-2023 23:00:40
Searched Product With Title StartWith s
30-04-2023 23:00:46
Searched Product With Title StartWith **
30-04-2023 23:00:48
Searched Product With Title StartWith **
30-04-2023 23:00:49
Searched Product With Title StartWith **
30-04-2023 23:00:50
Searched Product With Title StartWith **
30-04-2023 23:00:52
Searched Product With Title StartWith **
30-04-2023 23:01:02
Searched Product With Title StartWith **
30-04-2023 23:02:04
Added New product
30-04-2023 23:02:04
Searched Product With Title StartWith **
30-04-2023 23:03:01
Added New product
30-04-2023 23:03:01
Searched Product With Title StartWith **
30-04-2023 23:03:04
Searched Product With Title StartWith **
30-04-2023 23:03:09
Searched Product With Title StartWith **
30-04-2023 23:03:53
Added New product
30-04-2023 23:03:53
Searched Product With Title StartWith **
30-04-2023 23:04:36
Added New product
30-04-2023 23:04:36
Searched Product With Title StartWith **
30-04-2023 23:04:38
Searched Product With Title StartWith **
30-04-2023 23:04:38
Searched Product With Title StartWith **
30-04-2023 23:04:41
Get  The Product By Id 15007
30-04-2023 23:04:43
Searched Product With Title StartWith **
30-04-2023 23:04:45
Searched Product With Title StartWith **
30-04-2023 23:04:45
Searched Product With Title StartWith **
30-04-2023 23:05:00
Searched Product With Title StartWith **
30-04-2023 23:05:02
Searched Product With Title StartWith **
30-04-2023 23:05:04
Searched Product With Title StartWith **
30-04-2023 23:05:29
Added New product
30-04-2023 23:05:29
Searched Product With Title StartWith **
30-04-2023 23:05:30
Searched Product With Title StartWith **
30-04-2023 23:05:30
Searched Product With Title StartWith **
30-04-2023 23:05:32
Get  The Product By Id 15008
30-04-2023 23:05:33
Searched Product With Title StartWith **
30-04-2023 23:05:34
Searched Product With Title StartWith **
30-04-2023 23:05:35
Searched Product With Title StartWith **
30-04-2023 23:05:42
Searched Product With Title StartWith a
30-04-2023 23:05:45
Get  The Product By Id 15008
30-04-2023 23:05:47
Updated the Product with Id 15008
30-04-2023 23:05:47
Searched Product With Title StartWith **
30-04-2023 23:05:51
Searched Product With Title StartWith add
30-04-2023 23:06:02
Deleted The Product With Id 15008
30-04-2023 23:06:02
Searched Product With Title StartWith add
30-04-2023 23:06:14
Searched Product With Title StartWith add
30-04-2023 23:06:18
Searched Product With Title StartWith **
