26-04-2023 09:40:13
Get All The Products
26-04-2023 09:40:41
Get All The Products
26-04-2023 09:45:12
Get  The Product By Id 9
26-04-2023 09:45:18
Get All The Products
26-04-2023 09:55:55
Get All The Products
26-04-2023 10:06:43
Get All The Products
26-04-2023 10:06:49
Get All The Products
26-04-2023 10:06:51
Get All The Products
26-04-2023 10:06:52
Get All The Products
26-04-2023 10:06:52
Get All The Products
26-04-2023 10:43:40
Get All The Products
26-04-2023 10:43:52
Get All The Products
26-04-2023 10:54:17
Get All The Products
26-04-2023 10:57:42
Get All The Products
26-04-2023 11:45:26
Added New product
26-04-2023 11:45:29
Get All The Products
26-04-2023 11:45:29
Get All The Products
26-04-2023 11:45:32
Deleted The Product With Id 7002
26-04-2023 11:45:32
Get All The Products
26-04-2023 13:42:30
Deleted The Product With Id 6005
26-04-2023 13:42:32
Get All The Products
26-04-2023 13:43:29
Added New product
26-04-2023 13:43:29
Get All The Products
26-04-2023 13:43:29
Get All The Products
26-04-2023 13:43:33
Get  The Product By Id 8002
26-04-2023 13:43:37
Get All The Products
26-04-2023 13:44:26
Added New product
26-04-2023 13:44:26
Get All The Products
26-04-2023 13:44:26
Get All The Products
26-04-2023 13:44:30
Get  The Product By Id 8003
26-04-2023 13:44:33
Get All The Products
26-04-2023 15:18:46
Get All The Products
26-04-2023 15:19:14
Get All The Products
26-04-2023 15:19:21
Get All The Products
26-04-2023 15:43:39
Get All The Products
26-04-2023 15:44:10
Get All The Products
26-04-2023 15:45:43
Get All The Products
26-04-2023 15:54:14
Get All The Products
26-04-2023 15:54:39
Get All The Products
26-04-2023 15:54:59
Added New product
26-04-2023 15:54:59
Get All The Products
26-04-2023 15:54:59
Get All The Products
26-04-2023 15:55:10
Added New product
26-04-2023 15:55:10
Get All The Products
26-04-2023 15:55:10
Get All The Products
26-04-2023 15:55:19
Added New product
26-04-2023 15:55:19
Get All The Products
26-04-2023 15:55:19
Get All The Products
26-04-2023 15:55:36
Added New product
26-04-2023 15:55:36
Get All The Products
26-04-2023 15:55:36
Get All The Products
26-04-2023 15:55:49
Added New product
26-04-2023 15:55:49
Get All The Products
26-04-2023 15:55:49
Get All The Products
26-04-2023 15:55:59
Added New product
26-04-2023 15:55:59
Get All The Products
26-04-2023 15:55:59
Get All The Products
26-04-2023 15:56:09
Added New product
26-04-2023 15:56:10
Get All The Products
26-04-2023 15:56:10
Get All The Products
26-04-2023 15:57:39
Added New product
26-04-2023 15:57:39
Get All The Products
26-04-2023 15:57:39
Get All The Products
26-04-2023 16:42:28
Get All The Products
26-04-2023 16:43:25
Get All The Products
26-04-2023 16:43:29
Get  The Product By Id 9
26-04-2023 16:43:32
Get All The Products
26-04-2023 16:43:33
Get All The Products
26-04-2023 16:43:45
Get All The Products
26-04-2023 16:45:20
Get All The Products
26-04-2023 16:48:37
Get All The Products
26-04-2023 17:08:27
Get  The Product By Id 10
26-04-2023 17:08:30
Get  The Product By Id 9
26-04-2023 17:08:42
Added New product
26-04-2023 17:08:43
Get All The Products
26-04-2023 17:09:00
Deleted The Product With Id 8003
26-04-2023 17:09:00
Get All The Products
26-04-2023 17:10:07
Deleted The Product With Id 9002
26-04-2023 17:10:07
Get All The Products
26-04-2023 17:10:13
Deleted The Product With Id 9010
26-04-2023 17:10:13
Get All The Products
26-04-2023 17:10:21
Deleted The Product With Id 9009
26-04-2023 17:10:21
Get All The Products
26-04-2023 17:23:27
Get  The Product By Id 10
26-04-2023 17:23:34
Updated the Product with Id 10
26-04-2023 17:23:34
Get All The Products
26-04-2023 17:23:43
Get  The Product By Id 12
26-04-2023 17:23:49
Updated the Product with Id 12
26-04-2023 17:23:49
Get All The Products
26-04-2023 17:50:28
Added New product
26-04-2023 17:50:29
Get All The Products
26-04-2023 17:50:40
Added New product
26-04-2023 17:50:40
Get All The Products
26-04-2023 17:50:52
Added New product
26-04-2023 17:50:52
Get All The Products
26-04-2023 22:28:01
Deleted The Product With Id 9011
26-04-2023 22:28:02
Get All The Products
26-04-2023 22:28:11
Get  The Product By Id 9013
26-04-2023 22:28:13
Updated the Product with Id 9013
26-04-2023 22:28:14
Get All The Products
26-04-2023 22:30:38
Deleted The Product With Id 9013
26-04-2023 22:30:38
Get All The Products
26-04-2023 22:30:45
Deleted The Product With Id 9013
26-04-2023 22:30:45
Get All The Products
26-04-2023 22:30:47
Get  The Product By Id 9013
26-04-2023 22:30:50
Get  The Product By Id 9013
26-04-2023 22:30:54
Get  The Product By Id 10
26-04-2023 22:32:00
Deleted The Product With Id 9004
26-04-2023 22:32:00
Get All The Products
26-04-2023 22:34:14
Deleted The Product With Id 9005
26-04-2023 22:34:14
Get All The Products
26-04-2023 22:38:25
Deleted The Product With Id 9012
26-04-2023 22:38:25
Get All The Products
26-04-2023 22:39:09
Deleted The Product With Id 9007
26-04-2023 22:39:09
Get All The Products
26-04-2023 22:39:10
Deleted The Product With Id 9008
26-04-2023 22:39:10
Get All The Products
26-04-2023 23:03:37
Get All The Products
26-04-2023 23:03:37
Get All The Products
26-04-2023 23:03:37
Get All The Products
26-04-2023 23:03:37
Get All The Products
26-04-2023 23:04:28
Deleted The Product With Id 9006
26-04-2023 23:11:22
Get  The Product By Id 2006
26-04-2023 23:11:28
Get  The Product By Id 11
26-04-2023 23:11:57
Added New product
26-04-2023 23:14:16
Added New product
26-04-2023 23:14:43
Added New product
26-04-2023 23:15:13
Added New product
26-04-2023 23:18:20
Get  The Product By Id 9015
26-04-2023 23:18:55
Get  The Product By Id 9014
26-04-2023 23:18:59
Updated the Product with Id 9014
26-04-2023 23:27:30
Get  The Product By Id 9015
26-04-2023 23:27:39
Get  The Product By Id 9016
26-04-2023 23:27:44
Get  The Product By Id 6002
26-04-2023 23:27:51
Get  The Product By Id 9015
26-04-2023 23:27:57
Updated the Product with Id 9015
26-04-2023 23:28:03
Get  The Product By Id 9015
26-04-2023 23:28:07
Updated the Product with Id 9015
26-04-2023 23:29:07
Get  The Product By Id 9
26-04-2023 23:29:19
Added New product
26-04-2023 23:29:33
Added New product
26-04-2023 23:29:46
Added New product
26-04-2023 23:29:57
Added New product
26-04-2023 23:30:24
Added New product
26-04-2023 23:30:44
Added New product
26-04-2023 23:31:07
Added New product
26-04-2023 23:31:19
Added New product
26-04-2023 23:31:47
Added New product
26-04-2023 23:31:59
Get  The Product By Id 9026
26-04-2023 23:32:04
Updated the Product with Id 9026
26-04-2023 23:37:06
Deleted The Product With Id 9025
26-04-2023 23:53:47
Get All The Products
26-04-2023 23:54:39
Deleted The Product With Id 9017
