28-04-2023 09:21:04
Get  The Product By Id 10
28-04-2023 09:24:11
Get  The Product By Id 9016
28-04-2023 09:24:35
Get  The Product By Id 10009
28-04-2023 09:24:57
Get  The Product By Id 10009
28-04-2023 09:25:08
Get  The Product By Id 10009
28-04-2023 09:25:14
Updated the Product with Id 10009
28-04-2023 09:25:26
Get  The Product By Id 10009
28-04-2023 09:46:38
Get  The Product By Id 9018
28-04-2023 09:46:41
Updated the Product with Id 9018
28-04-2023 09:46:50
Deleted The Product With Id 9018
28-04-2023 11:19:20
Get  The Product By Id 10
28-04-2023 11:59:20
Get  The Product By Id 11
28-04-2023 11:59:26
Get  The Product By Id 10
28-04-2023 11:59:35
Get  The Product By Id 10
28-04-2023 12:00:32
Get  The Product By Id 10
28-04-2023 12:00:57
Get  The Product By Id 10
28-04-2023 12:01:23
Get  The Product By Id 10
28-04-2023 12:01:34
Get  The Product By Id 11
28-04-2023 12:01:38
Get  The Product By Id 9020
28-04-2023 12:01:44
Get  The Product By Id 9014
28-04-2023 12:02:03
Get  The Product By Id 9014
28-04-2023 12:02:08
Get  The Product By Id 9020
28-04-2023 12:02:24
Get  The Product By Id 9020
28-04-2023 12:02:35
Get  The Product By Id 9020
28-04-2023 12:06:49
Deleted The Product With Id 9024
28-04-2023 12:29:22
Get  The Product By Id 10
28-04-2023 12:41:20
Get  The Product By Id 10
28-04-2023 12:41:28
Get  The Product By Id 9019
28-04-2023 12:41:31
Updated the Product with Id 9019
28-04-2023 12:41:49
Added New product
28-04-2023 12:41:55
Get  The Product By Id 13002
28-04-2023 12:41:59
Updated the Product with Id 13002
28-04-2023 12:42:06
Get  The Product By Id 13002
28-04-2023 12:42:09
Updated the Product with Id 13002
28-04-2023 12:42:17
Deleted The Product With Id 13002
28-04-2023 12:42:25
Get  The Product By Id 12007
28-04-2023 12:49:22
Added New product
28-04-2023 12:49:29
Get  The Product By Id 13003
28-04-2023 12:49:40
Get  The Product By Id 10
28-04-2023 12:49:43
Get  The Product By Id 10
28-04-2023 12:49:55
Get  The Product By Id 13003
28-04-2023 12:50:01
Updated the Product with Id 13003
28-04-2023 12:51:15
Get  The Product By Id 10
28-04-2023 12:51:17
Get  The Product By Id 10
28-04-2023 12:51:34
Get  The Product By Id 13003
28-04-2023 12:51:45
Updated the Product with Id 13003
28-04-2023 12:51:52
Get  The Product By Id 13003
28-04-2023 12:52:07
Get  The Product By Id 13003
28-04-2023 12:52:07
Get  The Product By Id 13003
28-04-2023 12:52:10
Get  The Product By Id 13003
28-04-2023 12:52:13
Get  The Product By Id 13003
28-04-2023 12:52:13
Get  The Product By Id 13003
28-04-2023 12:52:13
Get  The Product By Id 13003
28-04-2023 12:52:25
Get  The Product By Id 13003
28-04-2023 12:52:25
Get  The Product By Id 13003
28-04-2023 12:52:27
Get  The Product By Id 13003
28-04-2023 12:52:40
Get  The Product By Id 13003
28-04-2023 12:52:43
Get  The Product By Id 13003
28-04-2023 12:52:44
Get  The Product By Id 13003
28-04-2023 12:52:54
Get  The Product By Id 13003
28-04-2023 12:52:54
Get  The Product By Id 13003
28-04-2023 12:53:16
Get  The Product By Id 13003
28-04-2023 12:53:28
Get  The Product By Id 13003
28-04-2023 12:53:30
Get  The Product By Id 13003
28-04-2023 12:53:40
Get  The Product By Id 13003
28-04-2023 12:53:40
Get  The Product By Id 13003
28-04-2023 12:53:52
Get  The Product By Id 13003
28-04-2023 12:53:52
Get  The Product By Id 13003
28-04-2023 12:53:54
Get  The Product By Id 13003
28-04-2023 12:53:55
Get  The Product By Id 13003
28-04-2023 12:54:05
Get  The Product By Id 13003
28-04-2023 12:54:05
Get  The Product By Id 13003
28-04-2023 12:54:08
Get  The Product By Id 13003
28-04-2023 12:54:09
Get  The Product By Id 13003
28-04-2023 12:54:18
Get  The Product By Id 13003
28-04-2023 12:54:18
Get  The Product By Id 13003
28-04-2023 12:54:31
Get  The Product By Id 13003
28-04-2023 12:54:34
Get  The Product By Id 13003
28-04-2023 12:54:35
Get  The Product By Id 13003
28-04-2023 12:54:35
Get  The Product By Id 13003
28-04-2023 12:54:35
Get  The Product By Id 13003
28-04-2023 12:54:35
Get  The Product By Id 13003
28-04-2023 12:54:35
Get  The Product By Id 13003
28-04-2023 12:54:36
Get  The Product By Id 13003
28-04-2023 12:54:36
Get  The Product By Id 13003
28-04-2023 12:54:42
Get  The Product By Id 9019
28-04-2023 12:54:48
Get  The Product By Id 10
28-04-2023 12:54:59
Get  The Product By Id 13003
28-04-2023 12:55:09
Get  The Product By Id 12
28-04-2023 12:55:22
Get  The Product By Id 12
28-04-2023 12:55:23
Get  The Product By Id 12
28-04-2023 12:55:27
Get  The Product By Id 10
28-04-2023 12:55:35
Get  The Product By Id 13003
28-04-2023 12:55:57
Get  The Product By Id 13003
28-04-2023 12:55:57
Get  The Product By Id 13003
28-04-2023 12:56:00
Get  The Product By Id 13003
28-04-2023 12:56:01
Get  The Product By Id 13003
28-04-2023 12:56:06
Get  The Product By Id 10
28-04-2023 12:56:16
Get  The Product By Id 9019
28-04-2023 12:56:24
Get  The Product By Id 13003
28-04-2023 12:57:06
Get  The Product By Id 6002
28-04-2023 14:04:38
Get  The Product By Id 2006
28-04-2023 14:16:39
Get  The Product By Id 10
28-04-2023 14:16:45
Get  The Product By Id 9019
28-04-2023 14:17:33
Added New product
28-04-2023 14:19:29
Get  The Product By Id 9020
28-04-2023 14:19:36
Updated the Product with Id 9020
28-04-2023 14:19:53
Get  The Product By Id 14002
28-04-2023 14:20:02
Deleted The Product With Id 14002
28-04-2023 14:20:55
Deleted The Product With Id 13003
28-04-2023 14:21:06
Get  The Product By Id 10009
28-04-2023 14:21:09
Updated the Product with Id 10009
28-04-2023 14:21:41
Added New product
28-04-2023 14:21:52
Deleted The Product With Id 14003
28-04-2023 14:22:12
Deleted The Product With Id 9023
28-04-2023 14:27:32
Get  The Product By Id 10
28-04-2023 14:28:00
Added New product
28-04-2023 14:30:55
Added New product
28-04-2023 14:31:16
Added New product
28-04-2023 14:31:23
Get  The Product By Id 14006
28-04-2023 14:33:10
Get  The Product By Id 11
28-04-2023 14:40:06
Get  The Product By Id 10
28-04-2023 14:40:29
Get  The Product By Id 9020
28-04-2023 14:40:31
Updated the Product with Id 9020
28-04-2023 14:40:49
Deleted The Product With Id 10002
28-04-2023 14:41:23
Added New product
28-04-2023 14:41:28
Get  The Product By Id 14007
28-04-2023 14:41:34
Get  The Product By Id 14007
28-04-2023 14:41:37
Updated the Product with Id 14007
28-04-2023 14:58:30
Get  The Product By Id 11
28-04-2023 15:43:11
Get  The Product By Id 14005
28-04-2023 15:43:16
Get  The Product By Id 9020
28-04-2023 16:18:35
Get  The Product By Id 10
28-04-2023 16:19:24
Get  The Product By Id 10
28-04-2023 16:19:25
Get  The Product By Id 10
28-04-2023 16:19:40
Get  The Product By Id 10
28-04-2023 16:19:41
Get  The Product By Id 10
28-04-2023 16:19:41
Get  The Product By Id 10
28-04-2023 16:42:37
Get  The Product By Id 10
28-04-2023 16:42:51
Get  The Product By Id 12
28-04-2023 16:43:01
Get  The Product By Id 9019
28-04-2023 16:43:05
Get  The Product By Id 9014
28-04-2023 16:43:07
Get  The Product By Id 10
28-04-2023 16:43:11
Get  The Product By Id 9020
28-04-2023 17:57:56
Get  The Product By Id 2006
