20-04-2023 09:42:12
Get All The Products
20-04-2023 09:44:07
Added New product
20-04-2023 09:44:08
Get All The Products
20-04-2023 09:44:08
Get All The Products
20-04-2023 09:44:10
Get  The Product By Id 3002
20-04-2023 09:44:12
Get All The Products
20-04-2023 09:44:13
Get  The Product By Id 3002
20-04-2023 09:44:16
Updated the Product with Id 3002
20-04-2023 09:44:16
Get All The Products
20-04-2023 09:44:16
Get All The Products
20-04-2023 09:44:25
Get All The Products
20-04-2023 09:44:31
Deleted The Product With Id 3002
20-04-2023 09:44:31
Get All The Products
20-04-2023 09:44:40
Get  The Product By Id 11
20-04-2023 09:44:44
Updated the Product with Id 11
20-04-2023 09:44:44
Get All The Products
20-04-2023 09:44:44
Get All The Products
20-04-2023 09:44:46
Get  The Product By Id 2006
20-04-2023 09:44:48
Get All The Products
20-04-2023 12:47:58
Get All The Products
20-04-2023 12:48:21
Get All The Products
20-04-2023 13:34:34
Get All The Products
20-04-2023 13:34:54
Added New product
20-04-2023 13:34:55
Get All The Products
20-04-2023 13:34:55
Get All The Products
20-04-2023 13:35:04
Get  The Product By Id 4002
20-04-2023 13:35:07
Updated the Product with Id 4002
20-04-2023 13:35:07
Get All The Products
20-04-2023 13:35:07
Get All The Products
20-04-2023 13:35:10
Get  The Product By Id 4002
20-04-2023 13:35:12
Get All The Products
20-04-2023 13:35:15
Get  The Product By Id 4002
20-04-2023 13:35:20
Updated the Product with Id 4002
20-04-2023 13:35:20
Get All The Products
20-04-2023 13:35:20
Get All The Products
20-04-2023 13:35:24
Deleted The Product With Id 4002
20-04-2023 13:35:24
Get All The Products
20-04-2023 13:35:36
Get  The Product By Id 2006
20-04-2023 13:35:40
Updated the Product with Id 2006
20-04-2023 13:35:40
Get All The Products
20-04-2023 13:35:40
Get All The Products
20-04-2023 13:35:50
Get  The Product By Id 2006
20-04-2023 13:35:54
Updated the Product with Id 2006
20-04-2023 13:35:54
Get All The Products
20-04-2023 13:35:54
Get All The Products
