Get All The Products
Get All The Products
Get All The Products
Get All The Products
Get All The Products
Get All The Products
Get All The Products
Get All The Products
Get All The Products
Get All The Products
Get All The Products
Get All The Products
Get All The Products
Get All The Products
Get All The Products
Get All The Products
Get All The Products
Get All The Products
Get All The Products
Get All The Products
Get All The Products
Get All The Products
Get All The Products
Get All The Products
Get All The Products
Get All The Products
Get All The Products
Get All The Products
Get All The Products
Get All The Products
Get All The Products
Get All The Products
Get All The Products
Get All The Products
Get All The Products
Get All The Products
Get All The Products
Get All The Products
Get All The Products
Get All The Products
Get All The Products
Get All The Products
Get All The Products
Get All The Products
Get All The Products
Get All The Products
Get All The Products
Get All The Products
Get All The Products
Get All The Products
Get All The Products
Get All The Products
Get All The Products
Get All The Products
Get All The Products
Get All The Products
Get All The Products
Get All The Products
Get All The Products
Get All The Products
Get All The Products
Get All The Products
Get All The Products
Get All The Products
Get All The Products
Get All The Products
Get All The Products
Get All The Products
Get All The Products
Get All The Products
Get All The Products
Get All The Products
Get All The Products
Deleted The Product With Id 5
Deleted The Product With Id 6
Get All The Products
Get All The Products
Deleted The Product With Id 8
Get All The Products
Deleted The Product With Id 7
Get All The Products
Get All The Products
19-04-2023 14:33:43
Get All The Products
19-04-2023 14:33:46
Get All The Products
19-04-2023 14:33:47
Get All The Products
19-04-2023 14:37:55
Added New product
19-04-2023 14:37:57
Get All The Products
19-04-2023 14:37:57
Get All The Products
19-04-2023 14:38:00
Get  The Product By Id 9
19-04-2023 14:38:02
Get All The Products
19-04-2023 14:39:40
Added New product
19-04-2023 14:39:40
Get All The Products
19-04-2023 14:39:40
Get All The Products
19-04-2023 14:39:43
Get  The Product By Id 10
19-04-2023 14:39:47
Get All The Products
19-04-2023 14:40:50
Added New product
19-04-2023 14:40:50
Get All The Products
19-04-2023 14:40:50
Get All The Products
19-04-2023 14:40:53
Get  The Product By Id 11
19-04-2023 14:40:56
Get All The Products
19-04-2023 14:41:37
Added New product
19-04-2023 14:41:37
Get All The Products
19-04-2023 14:41:37
Get All The Products
19-04-2023 14:41:42
Get All The Products
19-04-2023 14:41:45
Get  The Product By Id 12
19-04-2023 14:41:55
Updated the Product with Id 12
19-04-2023 14:41:55
Get All The Products
19-04-2023 14:41:55
Get All The Products
19-04-2023 14:42:10
Added New product
19-04-2023 14:42:10
Get All The Products
19-04-2023 14:42:10
Get All The Products
19-04-2023 14:42:14
Get  The Product By Id 13
19-04-2023 14:42:16
Get All The Products
19-04-2023 14:42:19
Get  The Product By Id 13
19-04-2023 14:42:22
Updated the Product with Id 13
19-04-2023 14:42:22
Get All The Products
19-04-2023 14:42:22
Get All The Products
19-04-2023 14:43:50
Get All The Products
19-04-2023 14:43:58
Get  The Product By Id 10
19-04-2023 14:44:01
Updated the Product with Id 10
19-04-2023 14:44:02
Get All The Products
19-04-2023 14:44:02
Get All The Products
19-04-2023 14:44:16
Get  The Product By Id 9
19-04-2023 14:44:17
Updated the Product with Id 9
19-04-2023 14:44:17
Get All The Products
19-04-2023 14:44:17
Get All The Products
19-04-2023 14:44:19
Get  The Product By Id 11
19-04-2023 14:44:21
Updated the Product with Id 11
19-04-2023 14:44:21
Get All The Products
19-04-2023 14:44:21
Get All The Products
19-04-2023 14:45:16
Get All The Products
19-04-2023 14:45:25
Get  The Product By Id 9
19-04-2023 14:45:28
Updated the Product with Id 9
19-04-2023 14:45:28
Get All The Products
19-04-2023 14:45:28
Get All The Products
19-04-2023 14:45:30
Get  The Product By Id 10
19-04-2023 14:45:31
Updated the Product with Id 10
19-04-2023 14:45:31
Get All The Products
19-04-2023 14:45:31
Get All The Products
19-04-2023 14:45:33
Get  The Product By Id 11
19-04-2023 14:45:34
Updated the Product with Id 11
19-04-2023 14:45:34
Get All The Products
19-04-2023 14:45:34
Get All The Products
19-04-2023 14:45:35
Get  The Product By Id 12
19-04-2023 14:45:36
Updated the Product with Id 12
19-04-2023 14:45:36
Get All The Products
19-04-2023 14:45:36
Get All The Products
19-04-2023 15:04:07
Get All The Products
19-04-2023 15:05:45
Added New product
19-04-2023 15:05:46
Get All The Products
19-04-2023 15:05:46
Get All The Products
19-04-2023 21:08:51
Added New product
19-04-2023 21:08:56
Get All The Products
19-04-2023 21:08:57
Get All The Products
19-04-2023 21:09:54
Added New product
19-04-2023 21:09:54
Get All The Products
19-04-2023 21:09:54
Get All The Products
19-04-2023 21:10:24
Added New product
19-04-2023 21:10:24
Get All The Products
19-04-2023 21:10:24
Get All The Products
19-04-2023 21:10:58
Added New product
19-04-2023 21:10:58
Get All The Products
19-04-2023 21:10:58
Get All The Products
19-04-2023 21:12:35
Get All The Products
19-04-2023 21:14:08
Get All The Products
19-04-2023 21:14:14
Get  The Product By Id 10
19-04-2023 21:14:25
Updated the Product with Id 10
19-04-2023 21:14:25
Get All The Products
19-04-2023 21:14:25
Get All The Products
19-04-2023 21:14:28
Get  The Product By Id 10
19-04-2023 21:14:43
Get  The Product By Id 10
19-04-2023 21:14:44
Get  The Product By Id 10
19-04-2023 21:14:56
Updated the Product with Id 10
19-04-2023 21:14:56
Get All The Products
19-04-2023 21:14:56
Get All The Products
19-04-2023 21:15:00
Get  The Product By Id 10
19-04-2023 21:15:08
Updated the Product with Id 10
19-04-2023 21:15:08
Get All The Products
19-04-2023 21:15:08
Get All The Products
19-04-2023 21:15:11
Get All The Products
19-04-2023 22:30:29
Get  The Product By Id 10
19-04-2023 22:30:31
Get All The Products
19-04-2023 22:30:34
Get  The Product By Id 2003
19-04-2023 22:33:16
Get All The Products
19-04-2023 22:33:19
Get All The Products
19-04-2023 22:33:26
Get  The Product By Id 9
19-04-2023 22:33:32
Updated the Product with Id 9
19-04-2023 22:33:33
Get All The Products
19-04-2023 22:33:33
Get All The Products
19-04-2023 22:33:35
Get  The Product By Id 10
19-04-2023 22:33:41
Updated the Product with Id 10
19-04-2023 22:33:41
Get All The Products
19-04-2023 22:33:41
Get All The Products
19-04-2023 22:33:43
Get  The Product By Id 11
19-04-2023 22:33:48
Updated the Product with Id 11
19-04-2023 22:33:48
Get All The Products
19-04-2023 22:33:48
Get All The Products
19-04-2023 22:33:50
Get  The Product By Id 12
19-04-2023 22:33:54
Updated the Product with Id 12
19-04-2023 22:33:54
Get All The Products
19-04-2023 22:33:54
Get All The Products
19-04-2023 22:33:57
Get  The Product By Id 13
19-04-2023 22:34:03
Updated the Product with Id 13
19-04-2023 22:34:03
Get All The Products
19-04-2023 22:34:03
Get All The Products
19-04-2023 22:34:06
Get  The Product By Id 1002
19-04-2023 22:34:10
Updated the Product with Id 1002
19-04-2023 22:34:10
Get All The Products
19-04-2023 22:34:10
Get All The Products
19-04-2023 22:34:12
Get  The Product By Id 2002
19-04-2023 22:34:16
Updated the Product with Id 2002
19-04-2023 22:34:16
Get All The Products
19-04-2023 22:34:16
Get All The Products
19-04-2023 22:34:18
Get  The Product By Id 2003
19-04-2023 22:34:22
Updated the Product with Id 2003
19-04-2023 22:34:22
Get All The Products
19-04-2023 22:34:22
Get All The Products
19-04-2023 22:34:28
Get  The Product By Id 2004
19-04-2023 22:34:32
Updated the Product with Id 2004
19-04-2023 22:34:32
Get All The Products
19-04-2023 22:34:32
Get All The Products
19-04-2023 22:34:34
Get  The Product By Id 2005
19-04-2023 22:34:40
Updated the Product with Id 2005
19-04-2023 22:34:40
Get All The Products
19-04-2023 22:34:40
Get All The Products
19-04-2023 22:35:09
Get All The Products
19-04-2023 22:35:11
Get All The Products
19-04-2023 22:36:17
Get All The Products
19-04-2023 22:37:21
Get All The Products
19-04-2023 22:37:23
Get  The Product By Id 9
19-04-2023 22:37:27
Get All The Products
19-04-2023 22:37:29
Get  The Product By Id 2005
19-04-2023 22:37:56
Get  The Product By Id 2005
19-04-2023 22:38:00
Get All The Products
19-04-2023 22:38:02
Get  The Product By Id 2004
19-04-2023 22:38:04
Get All The Products
19-04-2023 22:48:53
Get All The Products
19-04-2023 22:49:17
Get All The Products
19-04-2023 22:49:22
Get  The Product By Id 2004
19-04-2023 22:49:31
Updated the Product with Id 2004
19-04-2023 22:49:31
Get All The Products
19-04-2023 22:49:31
Get All The Products
19-04-2023 22:49:34
Get  The Product By Id 2004
19-04-2023 22:49:37
Updated the Product with Id 2004
19-04-2023 22:49:37
Get All The Products
19-04-2023 22:49:37
Get All The Products
19-04-2023 22:49:40
Get  The Product By Id 2004
19-04-2023 22:49:43
Updated the Product with Id 2004
19-04-2023 22:49:44
Get All The Products
19-04-2023 22:49:44
Get All The Products
19-04-2023 22:49:47
Deleted The Product With Id 2004
19-04-2023 22:49:47
Get All The Products
19-04-2023 22:49:50
Get All The Products
19-04-2023 22:49:54
Get  The Product By Id 2003
19-04-2023 22:49:56
Get All The Products
19-04-2023 22:50:02
Get  The Product By Id 2003
19-04-2023 22:50:06
Updated the Product with Id 2003
19-04-2023 22:50:06
Get All The Products
19-04-2023 22:50:06
Get All The Products
19-04-2023 22:50:22
Deleted The Product With Id 2003
19-04-2023 22:50:22
Get All The Products
19-04-2023 22:50:23
Deleted The Product With Id 2005
19-04-2023 22:50:23
Get All The Products
19-04-2023 22:50:24
Deleted The Product With Id 2002
19-04-2023 22:50:24
Get All The Products
19-04-2023 22:50:36
Get  The Product By Id 1002
19-04-2023 22:50:38
Get All The Products
19-04-2023 22:51:55
Added New product
19-04-2023 22:51:56
Get All The Products
19-04-2023 22:51:56
Get All The Products
19-04-2023 22:52:05
Get  The Product By Id 2006
19-04-2023 22:52:11
Get All The Products
19-04-2023 22:52:17
Get  The Product By Id 13
19-04-2023 22:52:19
Get All The Products
19-04-2023 22:52:20
Get  The Product By Id 13
19-04-2023 22:52:49
Updated the Product with Id 13
19-04-2023 22:52:49
Get All The Products
19-04-2023 22:52:49
Get All The Products
19-04-2023 22:53:21
Get  The Product By Id 11
19-04-2023 22:53:24
Updated the Product with Id 11
19-04-2023 22:53:25
Get All The Products
19-04-2023 22:53:25
Get All The Products
19-04-2023 22:53:30
Get  The Product By Id 12
19-04-2023 22:53:34
Updated the Product with Id 12
19-04-2023 22:53:34
Get All The Products
19-04-2023 22:53:34
Get All The Products
19-04-2023 22:54:57
Get All The Products
19-04-2023 22:55:00
Get All The Products
19-04-2023 22:57:07
Get All The Products
19-04-2023 22:57:08
Get All The Products
19-04-2023 22:57:11
Get All The Products
19-04-2023 22:57:27
Get All The Products
19-04-2023 22:57:47
Get All The Products
19-04-2023 22:58:34
Get All The Products
19-04-2023 22:59:00
Get All The Products
19-04-2023 22:59:01
Get  The Product By Id 9
19-04-2023 22:59:03
Get All The Products
19-04-2023 23:02:59
Get All The Products
19-04-2023 23:03:01
Get All The Products
19-04-2023 23:07:38
Get  The Product By Id 9
19-04-2023 23:08:50
Get All The Products
19-04-2023 23:09:00
Get All The Products
19-04-2023 23:09:01
Get All The Products
19-04-2023 23:09:46
Get All The Products
19-04-2023 23:10:01
Get All The Products
19-04-2023 23:10:04
Get All The Products
19-04-2023 23:10:06
Get All The Products
19-04-2023 23:10:07
Get All The Products
19-04-2023 23:10:08
Get All The Products
19-04-2023 23:10:36
Get All The Products
19-04-2023 23:11:01
Get All The Products
19-04-2023 23:16:25
Get All The Products
19-04-2023 23:16:26
Get All The Products
19-04-2023 23:17:03
Get All The Products
19-04-2023 23:17:09
Deleted The Product With Id 1002
19-04-2023 23:17:10
Get All The Products
19-04-2023 23:17:42
Get All The Products
19-04-2023 23:17:50
Get  The Product By Id 13
19-04-2023 23:17:51
Get All The Products
19-04-2023 23:17:56
Deleted The Product With Id 13
19-04-2023 23:17:56
Get All The Products
19-04-2023 23:18:00
Get All The Products
19-04-2023 23:18:11
Get All The Products
19-04-2023 23:18:11
Get All The Products
19-04-2023 23:19:43
Added New product
19-04-2023 23:19:43
Get All The Products
19-04-2023 23:19:43
Get All The Products
19-04-2023 23:19:46
Get  The Product By Id 2007
19-04-2023 23:19:48
Get All The Products
19-04-2023 23:19:49
Get  The Product By Id 2007
19-04-2023 23:19:50
Get All The Products
19-04-2023 23:19:51
Get  The Product By Id 2007
19-04-2023 23:19:54
Get All The Products
19-04-2023 23:19:56
Get  The Product By Id 2007
19-04-2023 23:20:06
Updated the Product with Id 2007
19-04-2023 23:20:06
Get All The Products
19-04-2023 23:20:06
Get All The Products
19-04-2023 23:20:09
Get  The Product By Id 2007
19-04-2023 23:20:12
Get All The Products
19-04-2023 23:20:27
Get  The Product By Id 2007
19-04-2023 23:20:31
Updated the Product with Id 2007
19-04-2023 23:20:31
Get All The Products
19-04-2023 23:20:31
Get All The Products
19-04-2023 23:20:34
Get  The Product By Id 2007
19-04-2023 23:20:37
Get All The Products
19-04-2023 23:20:47
Get  The Product By Id 2007
19-04-2023 23:20:51
Updated the Product with Id 2007
19-04-2023 23:20:51
Get All The Products
19-04-2023 23:20:51
Get All The Products
19-04-2023 23:21:25
Get All The Products
19-04-2023 23:21:25
Get All The Products
19-04-2023 23:21:30
Get  The Product By Id 11
19-04-2023 23:21:34
Updated the Product with Id 11
19-04-2023 23:21:34
Get All The Products
19-04-2023 23:21:34
Get All The Products
19-04-2023 23:22:03
Deleted The Product With Id 2007
19-04-2023 23:22:03
Get All The Products
19-04-2023 23:22:23
Get  The Product By Id 2006
19-04-2023 23:22:29
Get All The Products
